{"/home/travis/build/npmtest/node-npmtest-slack-client/test.js":{"path":"/home/travis/build/npmtest/node-npmtest-slack-client/test.js","s":{"1":2,"2":2,"3":2,"4":2,"5":2,"6":2,"7":2,"8":1,"9":2,"10":2,"11":1,"12":1,"13":1,"14":1,"15":2,"16":2,"17":2,"18":2,"19":1,"20":1,"21":2,"22":2,"23":2,"24":1,"25":1,"26":1,"27":1,"28":1,"29":1,"30":1,"31":1,"32":1,"33":1,"34":1,"35":1,"36":1,"37":1,"38":1,"39":2,"40":2,"41":1,"42":2,"43":2,"44":1,"45":2,"46":2,"47":1,"48":2,"49":2,"50":1,"51":1,"52":1,"53":1,"54":1},"b":{"1":[2,1,1,1],"2":[1,1,1,1],"3":[1,1],"4":[1,1],"5":[1,1],"6":[1,1],"7":[1,1],"8":[1,1],"9":[1,1],"10":[1,1,1],"11":[1,1],"12":[1,1],"13":[1,1],"14":[1,1],"15":[1,1],"16":[1,1],"17":[1,1]},"f":{"1":2,"2":2,"3":2,"4":2,"5":2,"6":1,"7":1,"8":1,"9":2,"10":2,"11":2,"12":2,"13":1},"fnMap":{"1":{"name":"(anonymous_1)","line":12,"loc":{"start":{"line":12,"column":1},"end":{"line":12,"column":13}}},"2":{"name":"(anonymous_2)","line":19,"loc":{"start":{"line":19,"column":5},"end":{"line":19,"column":17}}},"3":{"name":"(anonymous_3)","line":23,"loc":{"start":{"line":23,"column":24},"end":{"line":23,"column":36}}},"4":{"name":"(anonymous_4)","line":61,"loc":{"start":{"line":61,"column":5},"end":{"line":61,"column":17}}},"5":{"name":"(anonymous_5)","line":82,"loc":{"start":{"line":82,"column":5},"end":{"line":82,"column":17}}},"6":{"name":"(anonymous_6)","line":91,"loc":{"start":{"line":91,"column":77},"end":{"line":94,"column":10}}},"7":{"name":"(anonymous_7)","line":112,"loc":{"start":{"line":112,"column":83},"end":{"line":115,"column":10}},"skip":true},"8":{"name":"(anonymous_8)","line":123,"loc":{"start":{"line":123,"column":77},"end":{"line":126,"column":10}},"skip":true},"9":{"name":"(anonymous_9)","line":139,"loc":{"start":{"line":139,"column":12},"end":{"line":139,"column":40}},"skip":true},"10":{"name":"(anonymous_10)","line":147,"loc":{"start":{"line":147,"column":77},"end":{"line":150,"column":10}},"skip":true},"11":{"name":"(anonymous_11)","line":158,"loc":{"start":{"line":158,"column":83},"end":{"line":161,"column":10}},"skip":true},"12":{"name":"(anonymous_12)","line":169,"loc":{"start":{"line":169,"column":79},"end":{"line":172,"column":10}},"skip":true},"13":{"name":"(anonymous_13)","line":180,"loc":{"start":{"line":180,"column":75},"end":{"line":183,"column":10}},"skip":true}},"statementMap":{"1":{"start":{"line":12,"column":0},"end":{"line":195,"column":5}},"2":{"start":{"line":14,"column":4},"end":{"line":14,"column":14}},"3":{"start":{"line":19,"column":4},"end":{"line":56,"column":9}},"4":{"start":{"line":21,"column":8},"end":{"line":21,"column":19}},"5":{"start":{"line":23,"column":8},"end":{"line":35,"column":13}},"6":{"start":{"line":24,"column":12},"end":{"line":34,"column":13}},"7":{"start":{"line":25,"column":16},"end":{"line":28,"column":30}},"8":{"start":{"line":30,"column":16},"end":{"line":33,"column":27}},"9":{"start":{"line":37,"column":8},"end":{"line":39,"column":21}},"10":{"start":{"line":40,"column":8},"end":{"line":53,"column":9}},"11":{"start":{"line":43,"column":12},"end":{"line":46,"column":14}},"12":{"start":{"line":47,"column":12},"end":{"line":47,"column":18}},"13":{"start":{"line":50,"column":12},"end":{"line":51,"column":46}},"14":{"start":{"line":52,"column":12},"end":{"line":52,"column":18}},"15":{"start":{"line":55,"column":8},"end":{"line":55,"column":35}},"16":{"start":{"line":61,"column":4},"end":{"line":63,"column":9}},"17":{"start":{"line":62,"column":8},"end":{"line":62,"column":15}},"18":{"start":{"line":64,"column":4},"end":{"line":77,"column":5}},"19":{"start":{"line":70,"column":8},"end":{"line":70,"column":14}},"20":{"start":{"line":76,"column":8},"end":{"line":76,"column":14}},"21":{"start":{"line":82,"column":4},"end":{"line":84,"column":9}},"22":{"start":{"line":83,"column":8},"end":{"line":83,"column":15}},"23":{"start":{"line":85,"column":4},"end":{"line":194,"column":5}},"24":{"start":{"line":91,"column":8},"end":{"line":99,"column":10}},"25":{"start":{"line":98,"column":12},"end":{"line":98,"column":35}},"26":{"start":{"line":102,"column":8},"end":{"line":104,"column":63}},"27":{"start":{"line":105,"column":8},"end":{"line":105,"column":14}},"28":{"start":{"line":112,"column":8},"end":{"line":121,"column":10},"skip":true},"29":{"start":{"line":119,"column":12},"end":{"line":119,"column":55},"skip":true},"30":{"start":{"line":120,"column":12},"end":{"line":120,"column":48},"skip":true},"31":{"start":{"line":123,"column":8},"end":{"line":136,"column":10},"skip":true},"32":{"start":{"line":130,"column":12},"end":{"line":130,"column":76},"skip":true},"33":{"start":{"line":131,"column":12},"end":{"line":131,"column":73},"skip":true},"34":{"start":{"line":132,"column":12},"end":{"line":132,"column":74},"skip":true},"35":{"start":{"line":133,"column":12},"end":{"line":133,"column":79},"skip":true},"36":{"start":{"line":134,"column":12},"end":{"line":134,"column":25},"skip":true},"37":{"start":{"line":135,"column":12},"end":{"line":135,"column":45},"skip":true},"38":{"start":{"line":138,"column":8},"end":{"line":145,"column":14},"skip":true},"39":{"start":{"line":143,"column":16},"end":{"line":143,"column":29},"skip":true},"40":{"start":{"line":144,"column":16},"end":{"line":144,"column":55},"skip":true},"41":{"start":{"line":147,"column":8},"end":{"line":156,"column":10},"skip":true},"42":{"start":{"line":154,"column":12},"end":{"line":154,"column":25},"skip":true},"43":{"start":{"line":155,"column":12},"end":{"line":155,"column":45},"skip":true},"44":{"start":{"line":158,"column":8},"end":{"line":167,"column":10},"skip":true},"45":{"start":{"line":165,"column":12},"end":{"line":165,"column":25},"skip":true},"46":{"start":{"line":166,"column":12},"end":{"line":166,"column":48},"skip":true},"47":{"start":{"line":169,"column":8},"end":{"line":178,"column":10},"skip":true},"48":{"start":{"line":176,"column":12},"end":{"line":176,"column":25},"skip":true},"49":{"start":{"line":177,"column":12},"end":{"line":177,"column":46},"skip":true},"50":{"start":{"line":180,"column":8},"end":{"line":189,"column":10},"skip":true},"51":{"start":{"line":187,"column":12},"end":{"line":187,"column":94},"skip":true},"52":{"start":{"line":188,"column":12},"end":{"line":188,"column":48},"skip":true},"53":{"start":{"line":192,"column":8},"end":{"line":192,"column":35},"skip":true},"54":{"start":{"line":193,"column":8},"end":{"line":193,"column":14},"skip":true}},"branchMap":{"1":{"line":25,"type":"binary-expr","locations":[{"start":{"line":25,"column":23},"end":{"line":25,"column":62}},{"start":{"line":26,"column":20},"end":{"line":26,"column":70}},{"start":{"line":27,"column":20},"end":{"line":27,"column":71}},{"start":{"line":28,"column":20},"end":{"line":28,"column":29}}]},"2":{"line":30,"type":"binary-expr","locations":[{"start":{"line":30,"column":23},"end":{"line":30,"column":37}},{"start":{"line":31,"column":20},"end":{"line":31,"column":61}},{"start":{"line":32,"column":20},"end":{"line":32,"column":70}},{"start":{"line":33,"column":20},"end":{"line":33,"column":26}}]},"3":{"line":37,"type":"cond-expr","locations":[{"start":{"line":38,"column":14},"end":{"line":38,"column":20}},{"start":{"line":39,"column":14},"end":{"line":39,"column":20}}]},"4":{"line":40,"type":"switch","locations":[{"start":{"line":42,"column":8},"end":{"line":47,"column":18}},{"start":{"line":49,"column":8},"end":{"line":52,"column":18}}]},"5":{"line":44,"type":"binary-expr","locations":[{"start":{"line":44,"column":16},"end":{"line":44,"column":44}},{"start":{"line":44,"column":48},"end":{"line":44,"column":66}}]},"6":{"line":50,"type":"binary-expr","locations":[{"start":{"line":50,"column":21},"end":{"line":50,"column":49}},{"start":{"line":50,"column":53},"end":{"line":50,"column":72}}]},"7":{"line":64,"type":"switch","locations":[{"start":{"line":69,"column":4},"end":{"line":70,"column":14}},{"start":{"line":75,"column":4},"end":{"line":76,"column":14}}]},"8":{"line":85,"type":"switch","locations":[{"start":{"line":90,"column":4},"end":{"line":105,"column":14}},{"start":{"line":111,"column":4},"end":{"line":193,"column":14},"skip":true}]},"9":{"line":91,"type":"binary-expr","locations":[{"start":{"line":91,"column":42},"end":{"line":91,"column":73}},{"start":{"line":91,"column":77},"end":{"line":99,"column":9}}]},"10":{"line":102,"type":"binary-expr","locations":[{"start":{"line":102,"column":18},"end":{"line":102,"column":32}},{"start":{"line":103,"column":12},"end":{"line":103,"column":53}},{"start":{"line":104,"column":12},"end":{"line":104,"column":61}}]},"11":{"line":112,"type":"binary-expr","locations":[{"start":{"line":112,"column":45},"end":{"line":112,"column":79},"skip":true},{"start":{"line":112,"column":83},"end":{"line":121,"column":9},"skip":true}]},"12":{"line":123,"type":"binary-expr","locations":[{"start":{"line":123,"column":42},"end":{"line":123,"column":73},"skip":true},{"start":{"line":123,"column":77},"end":{"line":136,"column":9},"skip":true}]},"13":{"line":138,"type":"binary-expr","locations":[{"start":{"line":138,"column":48},"end":{"line":138,"column":85},"skip":true},{"start":{"line":139,"column":12},"end":{"line":145,"column":13},"skip":true}]},"14":{"line":147,"type":"binary-expr","locations":[{"start":{"line":147,"column":42},"end":{"line":147,"column":73},"skip":true},{"start":{"line":147,"column":77},"end":{"line":156,"column":9},"skip":true}]},"15":{"line":158,"type":"binary-expr","locations":[{"start":{"line":158,"column":45},"end":{"line":158,"column":79},"skip":true},{"start":{"line":158,"column":83},"end":{"line":167,"column":9},"skip":true}]},"16":{"line":169,"type":"binary-expr","locations":[{"start":{"line":169,"column":43},"end":{"line":169,"column":75},"skip":true},{"start":{"line":169,"column":79},"end":{"line":178,"column":9},"skip":true}]},"17":{"line":180,"type":"binary-expr","locations":[{"start":{"line":180,"column":41},"end":{"line":180,"column":71},"skip":true},{"start":{"line":180,"column":75},"end":{"line":189,"column":9},"skip":true}]}},"code":["/* istanbul instrument in package npmtest_slack_client */","/*jslint","    bitwise: true,","    browser: true,","    maxerr: 8,","    maxlen: 96,","    node: true,","    nomen: true,","    regexp: true,","    stupid: true","*/","(function () {","    'use strict';","    var local;","","","","    // run shared js-env code - pre-init","    (function () {","        // init local","        local = {};","        // init modeJs","        local.modeJs = (function () {","            try {","                return typeof navigator.userAgent === 'string' &&","                    typeof document.querySelector('body') === 'object' &&","                    typeof XMLHttpRequest.prototype.open === 'function' &&","                    'browser';","            } catch (errorCaughtBrowser) {","                return module.exports &&","                    typeof process.versions.node === 'string' &&","                    typeof require('http').createServer === 'function' &&","                    'node';","            }","        }());","        // init global","        local.global = local.modeJs === 'browser'","            ? window","            : global;","        switch (local.modeJs) {","        // re-init local from window.local","        case 'browser':","            local = local.global.utility2.objectSetDefault(","                local.global.utility2_rollup || local.global.local,","                local.global.utility2","            );","            break;","        // re-init local from example.js","        case 'node':","            local = (local.global.utility2_rollup || require('utility2'))","                .requireExampleJsFromReadme();","            break;","        }","        // export local","        local.global.local = local;","    }());","","","","    // run shared js-env code - function","    (function () {","        return;","    }());","    switch (local.modeJs) {","","","","    // run browser js-env code - function","    case 'browser':","        break;","","","","    // run node js-env code - function","    case 'node':","        break;","    }","","","","    // run shared js-env code - post-init","    (function () {","        return;","    }());","    switch (local.modeJs) {","","","","    // run browser js-env code - post-init","    case 'browser':","        local.testCase_browser_nullCase = local.testCase_browser_nullCase || function (","            options,","            onError","        ) {","        /*","         * this function will test browsers's null-case handling-behavior-behavior","         */","            onError(null, options);","        };","","        // run tests","        local.nop(local.modeTest &&","            document.querySelector('#testRunButton1') &&","            document.querySelector('#testRunButton1').click());","        break;","","","","    // run node js-env code - post-init","    /* istanbul ignore next */","    case 'node':","        local.testCase_buildApidoc_default = local.testCase_buildApidoc_default || function (","            options,","            onError","        ) {","        /*","         * this function will test buildApidoc's default handling-behavior-behavior","         */","            options = { modulePathList: module.paths };","            local.buildApidoc(options, onError);","        };","","        local.testCase_buildApp_default = local.testCase_buildApp_default || function (","            options,","            onError","        ) {","        /*","         * this function will test buildApp's default handling-behavior-behavior","         */","            local.testCase_buildReadme_default(options, local.onErrorThrow);","            local.testCase_buildLib_default(options, local.onErrorThrow);","            local.testCase_buildTest_default(options, local.onErrorThrow);","            local.testCase_buildCustomOrg_default(options, local.onErrorThrow);","            options = [];","            local.buildApp(options, onError);","        };","","        local.testCase_buildCustomOrg_default = local.testCase_buildCustomOrg_default ||","            function (options, onError) {","            /*","             * this function will test buildCustomOrg's default handling-behavior","             */","                options = {};","                local.buildCustomOrg(options, onError);","            };","","        local.testCase_buildLib_default = local.testCase_buildLib_default || function (","            options,","            onError","        ) {","        /*","         * this function will test buildLib's default handling-behavior","         */","            options = {};","            local.buildLib(options, onError);","        };","","        local.testCase_buildReadme_default = local.testCase_buildReadme_default || function (","            options,","            onError","        ) {","        /*","         * this function will test buildReadme's default handling-behavior-behavior","         */","            options = {};","            local.buildReadme(options, onError);","        };","","        local.testCase_buildTest_default = local.testCase_buildTest_default || function (","            options,","            onError","        ) {","        /*","         * this function will test buildTest's default handling-behavior","         */","            options = {};","            local.buildTest(options, onError);","        };","","        local.testCase_webpage_default = local.testCase_webpage_default || function (","            options,","            onError","        ) {","        /*","         * this function will test webpage's default handling-behavior","         */","            options = { modeCoverageMerge: true, url: local.serverLocalHost + '?modeTest=1' };","            local.browserTest(options, onError);","        };","","        // run test-server","        local.testRunServer(local);","        break;","    }","}());",""],"l":{"12":2,"14":2,"19":2,"21":2,"23":2,"24":2,"25":2,"30":1,"37":2,"40":2,"43":1,"47":1,"50":1,"52":1,"55":2,"61":2,"62":2,"64":2,"70":1,"76":1,"82":2,"83":2,"85":2,"91":1,"98":1,"102":1,"105":1,"112":1,"119":1,"120":1,"123":1,"130":1,"131":1,"132":1,"133":1,"134":1,"135":1,"138":1,"143":2,"144":2,"147":1,"154":2,"155":2,"158":1,"165":2,"166":2,"169":1,"176":2,"177":2,"180":1,"187":1,"188":1,"192":1,"193":1}},"/home/travis/build/npmtest/node-npmtest-slack-client/lib.npmtest_slack_client.js":{"path":"/home/travis/build/npmtest/node-npmtest-slack-client/lib.npmtest_slack_client.js","s":{"1":2,"2":2,"3":2,"4":2,"5":2,"6":2,"7":2,"8":1,"9":2,"10":2,"11":2,"12":2,"13":1,"14":1,"15":1,"16":1},"b":{"1":[2,1,1,1],"2":[1,1,1,1],"3":[1,1],"4":[2,2],"5":[1,1]},"f":{"1":2,"2":2,"3":2},"fnMap":{"1":{"name":"(anonymous_1)","line":12,"loc":{"start":{"line":12,"column":1},"end":{"line":12,"column":13}}},"2":{"name":"(anonymous_2)","line":19,"loc":{"start":{"line":19,"column":5},"end":{"line":19,"column":17}}},"3":{"name":"(anonymous_3)","line":23,"loc":{"start":{"line":23,"column":24},"end":{"line":23,"column":36}}}},"statementMap":{"1":{"start":{"line":12,"column":0},"end":{"line":53,"column":5}},"2":{"start":{"line":14,"column":4},"end":{"line":14,"column":14}},"3":{"start":{"line":19,"column":4},"end":{"line":52,"column":9}},"4":{"start":{"line":21,"column":8},"end":{"line":21,"column":19}},"5":{"start":{"line":23,"column":8},"end":{"line":35,"column":13}},"6":{"start":{"line":24,"column":12},"end":{"line":34,"column":13}},"7":{"start":{"line":25,"column":16},"end":{"line":28,"column":30}},"8":{"start":{"line":30,"column":16},"end":{"line":33,"column":27}},"9":{"start":{"line":37,"column":8},"end":{"line":39,"column":21}},"10":{"start":{"line":41,"column":8},"end":{"line":41,"column":54}},"11":{"start":{"line":43,"column":8},"end":{"line":43,"column":57}},"12":{"start":{"line":45,"column":8},"end":{"line":51,"column":9}},"13":{"start":{"line":46,"column":12},"end":{"line":46,"column":63}},"14":{"start":{"line":48,"column":12},"end":{"line":48,"column":35}},"15":{"start":{"line":49,"column":12},"end":{"line":49,"column":49}},"16":{"start":{"line":50,"column":12},"end":{"line":50,"column":43}}},"branchMap":{"1":{"line":25,"type":"binary-expr","locations":[{"start":{"line":25,"column":23},"end":{"line":25,"column":62}},{"start":{"line":26,"column":20},"end":{"line":26,"column":70}},{"start":{"line":27,"column":20},"end":{"line":27,"column":71}},{"start":{"line":28,"column":20},"end":{"line":28,"column":29}}]},"2":{"line":30,"type":"binary-expr","locations":[{"start":{"line":30,"column":23},"end":{"line":30,"column":37}},{"start":{"line":31,"column":20},"end":{"line":31,"column":61}},{"start":{"line":32,"column":20},"end":{"line":32,"column":70}},{"start":{"line":33,"column":20},"end":{"line":33,"column":26}}]},"3":{"line":37,"type":"cond-expr","locations":[{"start":{"line":38,"column":14},"end":{"line":38,"column":20}},{"start":{"line":39,"column":14},"end":{"line":39,"column":20}}]},"4":{"line":41,"type":"binary-expr","locations":[{"start":{"line":41,"column":16},"end":{"line":41,"column":44}},{"start":{"line":41,"column":48},"end":{"line":41,"column":53}}]},"5":{"line":45,"type":"if","locations":[{"start":{"line":45,"column":8},"end":{"line":45,"column":8}},{"start":{"line":45,"column":8},"end":{"line":45,"column":8}}]}},"code":["/* istanbul instrument in package npmtest_slack_client */","/*jslint","    bitwise: true,","    browser: true,","    maxerr: 8,","    maxlen: 96,","    node: true,","    nomen: true,","    regexp: true,","    stupid: true","*/","(function () {","    'use strict';","    var local;","","","","    // run shared js-env code - pre-init","    (function () {","        // init local","        local = {};","        // init modeJs","        local.modeJs = (function () {","            try {","                return typeof navigator.userAgent === 'string' &&","                    typeof document.querySelector('body') === 'object' &&","                    typeof XMLHttpRequest.prototype.open === 'function' &&","                    'browser';","            } catch (errorCaughtBrowser) {","                return module.exports &&","                    typeof process.versions.node === 'string' &&","                    typeof require('http').createServer === 'function' &&","                    'node';","            }","        }());","        // init global","        local.global = local.modeJs === 'browser'","            ? window","            : global;","        // init utility2_rollup","        local = local.global.utility2_rollup || local;","        // init lib","        local.local = local.npmtest_slack_client = local;","        // init exports","        if (local.modeJs === 'browser') {","            local.global.utility2_npmtest_slack_client = local;","        } else {","            module.exports = local;","            module.exports.__dirname = __dirname;","            module.exports.module = module;","        }","    }());","}());",""],"l":{"12":2,"14":2,"19":2,"21":2,"23":2,"24":2,"25":2,"30":1,"37":2,"41":2,"43":2,"45":2,"46":1,"48":1,"49":1,"50":1}},"/home/travis/build/npmtest/node-npmtest-slack-client/example.js":{"path":"/home/travis/build/npmtest/node-npmtest-slack-client/example.js","s":{"1":2,"2":2,"3":2,"4":2,"5":2,"6":2,"7":2,"8":1,"9":2,"10":2,"11":2,"12":2,"13":1,"14":2,"15":2,"16":2,"17":2,"18":2,"19":0,"20":2,"21":1,"22":1,"23":1,"24":1,"25":1,"26":0,"27":0,"28":1,"29":1,"30":2,"31":0,"32":0,"33":0,"34":1,"35":2,"36":2,"37":3,"38":3,"39":3,"40":3,"41":0,"42":3,"43":3,"44":3,"45":1,"46":3,"47":1,"48":1,"49":1,"50":1,"51":1,"52":1,"53":1,"54":1,"55":1,"56":1,"57":0,"58":1,"59":6,"60":6,"61":1,"62":2,"63":0,"64":2,"65":1,"66":1,"67":0,"68":0,"69":0,"70":0,"71":0,"72":0,"73":0,"74":0,"75":0,"76":0,"77":0,"78":0,"79":0,"80":0,"81":0,"82":0,"83":0},"b":{"1":[2,1,1,1],"2":[1,1,1,1],"3":[1,1],"4":[2,2],"5":[1,1],"6":[1,1],"7":[2,0],"8":[2,1,1,1,1,1],"9":[0,2,0],"10":[1,1],"11":[2,1,1],"12":[1,0],"13":[0,2],"14":[2,0,0,0,0,0,0],"15":[0,3],"16":[3,0],"17":[1,1],"18":[0,1],"19":[1,2,0,2],"20":[1,0],"21":[1,1],"22":[0,0],"23":[0,0],"24":[0,0],"25":[0,0],"26":[0,0],"27":[0,0],"28":[0,0]},"f":{"1":2,"2":2,"3":2,"4":2,"5":2,"6":2,"7":3,"8":3,"9":3,"10":1,"11":6,"12":0},"fnMap":{"1":{"name":"(anonymous_1)","line":26,"loc":{"start":{"line":26,"column":1},"end":{"line":26,"column":13}}},"2":{"name":"(anonymous_2)","line":33,"loc":{"start":{"line":33,"column":5},"end":{"line":33,"column":17}}},"3":{"name":"(anonymous_3)","line":37,"loc":{"start":{"line":37,"column":24},"end":{"line":37,"column":36}}},"4":{"name":"(anonymous_4)","line":69,"loc":{"start":{"line":69,"column":31},"end":{"line":69,"column":48}},"skip":true},"5":{"name":"(anonymous_5)","line":78,"loc":{"start":{"line":78,"column":26},"end":{"line":78,"column":45}},"skip":true},"6":{"name":"(anonymous_6)","line":123,"loc":{"start":{"line":123,"column":33},"end":{"line":123,"column":48}},"skip":true},"7":{"name":"(anonymous_7)","line":125,"loc":{"start":{"line":125,"column":27},"end":{"line":125,"column":39}},"skip":true},"8":{"name":"(anonymous_8)","line":133,"loc":{"start":{"line":133,"column":59},"end":{"line":133,"column":74}},"skip":true},"9":{"name":"(anonymous_9)","line":143,"loc":{"start":{"line":143,"column":45},"end":{"line":143,"column":62}},"skip":true},"10":{"name":"(anonymous_10)","line":144,"loc":{"start":{"line":144,"column":73},"end":{"line":144,"column":92}},"skip":true},"11":{"name":"(anonymous_11)","line":272,"loc":{"start":{"line":272,"column":51},"end":{"line":272,"column":77}},"skip":true},"12":{"name":"(anonymous_12)","line":315,"loc":{"start":{"line":315,"column":32},"end":{"line":315,"column":61}},"skip":true}},"statementMap":{"1":{"start":{"line":26,"column":0},"end":{"line":326,"column":5}},"2":{"start":{"line":28,"column":4},"end":{"line":28,"column":14}},"3":{"start":{"line":33,"column":4},"end":{"line":60,"column":9}},"4":{"start":{"line":35,"column":8},"end":{"line":35,"column":19}},"5":{"start":{"line":37,"column":8},"end":{"line":49,"column":13}},"6":{"start":{"line":38,"column":12},"end":{"line":48,"column":13}},"7":{"start":{"line":39,"column":16},"end":{"line":42,"column":30}},"8":{"start":{"line":44,"column":16},"end":{"line":47,"column":27}},"9":{"start":{"line":51,"column":8},"end":{"line":53,"column":21}},"10":{"start":{"line":55,"column":8},"end":{"line":57,"column":45}},"11":{"start":{"line":59,"column":8},"end":{"line":59,"column":35}},"12":{"start":{"line":61,"column":4},"end":{"line":325,"column":5}},"13":{"start":{"line":69,"column":8},"end":{"line":121,"column":10},"skip":true},"14":{"start":{"line":70,"column":12},"end":{"line":88,"column":13},"skip":true},"15":{"start":{"line":76,"column":16},"end":{"line":87,"column":19},"skip":true},"16":{"start":{"line":79,"column":20},"end":{"line":86,"column":21},"skip":true},"17":{"start":{"line":82,"column":24},"end":{"line":82,"column":43},"skip":true},"18":{"start":{"line":83,"column":24},"end":{"line":83,"column":30},"skip":true},"19":{"start":{"line":85,"column":24},"end":{"line":85,"column":49},"skip":true},"20":{"start":{"line":89,"column":12},"end":{"line":107,"column":13},"skip":true},"21":{"start":{"line":92,"column":16},"end":{"line":102,"column":17},"skip":true},"22":{"start":{"line":93,"column":20},"end":{"line":93,"column":86},"skip":true},"23":{"start":{"line":94,"column":20},"end":{"line":95,"column":45},"skip":true},"24":{"start":{"line":96,"column":20},"end":{"line":96,"column":42},"skip":true},"25":{"start":{"line":97,"column":20},"end":{"line":97,"column":48},"skip":true},"26":{"start":{"line":100,"column":20},"end":{"line":100,"column":85},"skip":true},"27":{"start":{"line":101,"column":20},"end":{"line":101,"column":96},"skip":true},"28":{"start":{"line":103,"column":16},"end":{"line":103,"column":22},"skip":true},"29":{"start":{"line":106,"column":16},"end":{"line":106,"column":22},"skip":true},"30":{"start":{"line":108,"column":12},"end":{"line":120,"column":13},"skip":true},"31":{"start":{"line":114,"column":16},"end":{"line":119,"column":17},"skip":true},"32":{"start":{"line":116,"column":20},"end":{"line":116,"column":78},"skip":true},"33":{"start":{"line":118,"column":20},"end":{"line":118,"column":47},"skip":true},"34":{"start":{"line":123,"column":8},"end":{"line":141,"column":11},"skip":true},"35":{"start":{"line":124,"column":12},"end":{"line":124,"column":54},"skip":true},"36":{"start":{"line":125,"column":12},"end":{"line":140,"column":14},"skip":true},"37":{"start":{"line":126,"column":16},"end":{"line":126,"column":28},"skip":true},"38":{"start":{"line":127,"column":16},"end":{"line":127,"column":69},"skip":true},"39":{"start":{"line":128,"column":16},"end":{"line":128,"column":75},"skip":true},"40":{"start":{"line":129,"column":16},"end":{"line":131,"column":17},"skip":true},"41":{"start":{"line":130,"column":20},"end":{"line":130,"column":27},"skip":true},"42":{"start":{"line":133,"column":16},"end":{"line":137,"column":36},"skip":true},"43":{"start":{"line":134,"column":20},"end":{"line":136,"column":55},"skip":true},"44":{"start":{"line":139,"column":16},"end":{"line":139,"column":57},"skip":true},"45":{"start":{"line":143,"column":8},"end":{"line":147,"column":11},"skip":true},"46":{"start":{"line":144,"column":12},"end":{"line":146,"column":15},"skip":true},"47":{"start":{"line":145,"column":16},"end":{"line":145,"column":70},"skip":true},"48":{"start":{"line":149,"column":8},"end":{"line":149,"column":31},"skip":true},"49":{"start":{"line":150,"column":8},"end":{"line":150,"column":14},"skip":true},"50":{"start":{"line":158,"column":8},"end":{"line":158,"column":31},"skip":true},"51":{"start":{"line":160,"column":8},"end":{"line":160,"column":33},"skip":true},"52":{"start":{"line":161,"column":8},"end":{"line":161,"column":37},"skip":true},"53":{"start":{"line":162,"column":8},"end":{"line":162,"column":35},"skip":true},"54":{"start":{"line":164,"column":8},"end":{"line":164,"column":50},"skip":true},"55":{"start":{"line":166,"column":8},"end":{"line":256,"column":2},"skip":true},"56":{"start":{"line":258,"column":8},"end":{"line":286,"column":9},"skip":true},"57":{"start":{"line":259,"column":12},"end":{"line":269,"column":14},"skip":true},"58":{"start":{"line":271,"column":12},"end":{"line":285,"column":19},"skip":true},"59":{"start":{"line":274,"column":20},"end":{"line":274,"column":35},"skip":true},"60":{"start":{"line":275,"column":20},"end":{"line":284,"column":21},"skip":true},"61":{"start":{"line":277,"column":24},"end":{"line":277,"column":64},"skip":true},"62":{"start":{"line":279,"column":24},"end":{"line":279,"column":40},"skip":true},"63":{"start":{"line":281,"column":24},"end":{"line":281,"column":40},"skip":true},"64":{"start":{"line":283,"column":24},"end":{"line":283,"column":39},"skip":true},"65":{"start":{"line":288,"column":8},"end":{"line":290,"column":9},"skip":true},"66":{"start":{"line":289,"column":12},"end":{"line":289,"column":18},"skip":true},"67":{"start":{"line":291,"column":8},"end":{"line":293,"column":54},"skip":true},"68":{"start":{"line":296,"column":8},"end":{"line":301,"column":37},"skip":true},"69":{"start":{"line":303,"column":8},"end":{"line":303,"column":82},"skip":true},"70":{"start":{"line":306,"column":8},"end":{"line":308,"column":9},"skip":true},"71":{"start":{"line":307,"column":12},"end":{"line":307,"column":82},"skip":true},"72":{"start":{"line":310,"column":8},"end":{"line":312,"column":9},"skip":true},"73":{"start":{"line":311,"column":12},"end":{"line":311,"column":18},"skip":true},"74":{"start":{"line":313,"column":8},"end":{"line":313,"column":54},"skip":true},"75":{"start":{"line":314,"column":8},"end":{"line":314,"column":69},"skip":true},"76":{"start":{"line":315,"column":8},"end":{"line":323,"column":36},"skip":true},"77":{"start":{"line":316,"column":12},"end":{"line":316,"column":61},"skip":true},"78":{"start":{"line":317,"column":12},"end":{"line":320,"column":13},"skip":true},"79":{"start":{"line":318,"column":16},"end":{"line":318,"column":75},"skip":true},"80":{"start":{"line":319,"column":16},"end":{"line":319,"column":23},"skip":true},"81":{"start":{"line":321,"column":12},"end":{"line":321,"column":38},"skip":true},"82":{"start":{"line":322,"column":12},"end":{"line":322,"column":27},"skip":true},"83":{"start":{"line":324,"column":8},"end":{"line":324,"column":14},"skip":true}},"branchMap":{"1":{"line":39,"type":"binary-expr","locations":[{"start":{"line":39,"column":23},"end":{"line":39,"column":62}},{"start":{"line":40,"column":20},"end":{"line":40,"column":70}},{"start":{"line":41,"column":20},"end":{"line":41,"column":71}},{"start":{"line":42,"column":20},"end":{"line":42,"column":29}}]},"2":{"line":44,"type":"binary-expr","locations":[{"start":{"line":44,"column":23},"end":{"line":44,"column":37}},{"start":{"line":45,"column":20},"end":{"line":45,"column":61}},{"start":{"line":46,"column":20},"end":{"line":46,"column":70}},{"start":{"line":47,"column":20},"end":{"line":47,"column":26}}]},"3":{"line":51,"type":"cond-expr","locations":[{"start":{"line":52,"column":14},"end":{"line":52,"column":20}},{"start":{"line":53,"column":14},"end":{"line":53,"column":20}}]},"4":{"line":55,"type":"binary-expr","locations":[{"start":{"line":55,"column":16},"end":{"line":55,"column":44}},{"start":{"line":55,"column":49},"end":{"line":57,"column":43}}]},"5":{"line":55,"type":"cond-expr","locations":[{"start":{"line":56,"column":14},"end":{"line":56,"column":56}},{"start":{"line":57,"column":14},"end":{"line":57,"column":43}}]},"6":{"line":61,"type":"switch","locations":[{"start":{"line":68,"column":4},"end":{"line":150,"column":14},"skip":true},{"start":{"line":156,"column":4},"end":{"line":324,"column":14},"skip":true}]},"7":{"line":70,"type":"if","locations":[{"start":{"line":70,"column":12},"end":{"line":70,"column":12},"skip":true},{"start":{"line":70,"column":12},"end":{"line":70,"column":12},"skip":true}]},"8":{"line":70,"type":"binary-expr","locations":[{"start":{"line":70,"column":16},"end":{"line":70,"column":22},"skip":true},{"start":{"line":70,"column":27},"end":{"line":70,"column":32},"skip":true},{"start":{"line":71,"column":20},"end":{"line":71,"column":39},"skip":true},{"start":{"line":72,"column":20},"end":{"line":72,"column":49},"skip":true},{"start":{"line":73,"column":20},"end":{"line":73,"column":58},"skip":true},{"start":{"line":74,"column":20},"end":{"line":74,"column":69},"skip":true}]},"9":{"line":79,"type":"switch","locations":[{"start":{"line":80,"column":20},"end":{"line":80,"column":33},"skip":true},{"start":{"line":81,"column":20},"end":{"line":83,"column":30},"skip":true},{"start":{"line":84,"column":20},"end":{"line":85,"column":49},"skip":true}]},"10":{"line":89,"type":"switch","locations":[{"start":{"line":90,"column":12},"end":{"line":103,"column":22},"skip":true},{"start":{"line":105,"column":12},"end":{"line":106,"column":22},"skip":true}]},"11":{"line":89,"type":"binary-expr","locations":[{"start":{"line":89,"column":20},"end":{"line":89,"column":25},"skip":true},{"start":{"line":89,"column":29},"end":{"line":89,"column":48},"skip":true},{"start":{"line":89,"column":52},"end":{"line":89,"column":74},"skip":true}]},"12":{"line":92,"type":"if","locations":[{"start":{"line":92,"column":16},"end":{"line":92,"column":16},"skip":true},{"start":{"line":92,"column":16},"end":{"line":92,"column":16},"skip":true}]},"13":{"line":108,"type":"if","locations":[{"start":{"line":108,"column":12},"end":{"line":108,"column":12},"skip":true},{"start":{"line":108,"column":12},"end":{"line":108,"column":12},"skip":true}]},"14":{"line":108,"type":"binary-expr","locations":[{"start":{"line":108,"column":16},"end":{"line":108,"column":61},"skip":true},{"start":{"line":108,"column":66},"end":{"line":108,"column":72},"skip":true},{"start":{"line":108,"column":77},"end":{"line":108,"column":82},"skip":true},{"start":{"line":109,"column":20},"end":{"line":109,"column":39},"skip":true},{"start":{"line":110,"column":20},"end":{"line":110,"column":49},"skip":true},{"start":{"line":111,"column":20},"end":{"line":111,"column":58},"skip":true},{"start":{"line":112,"column":20},"end":{"line":112,"column":68},"skip":true}]},"15":{"line":129,"type":"if","locations":[{"start":{"line":129,"column":16},"end":{"line":129,"column":16},"skip":true},{"start":{"line":129,"column":16},"end":{"line":129,"column":16},"skip":true}]},"16":{"line":134,"type":"cond-expr","locations":[{"start":{"line":135,"column":26},"end":{"line":135,"column":29},"skip":true},{"start":{"line":136,"column":26},"end":{"line":136,"column":54},"skip":true}]},"17":{"line":164,"type":"binary-expr","locations":[{"start":{"line":164,"column":27},"end":{"line":164,"column":43},"skip":true},{"start":{"line":164,"column":47},"end":{"line":164,"column":49},"skip":true}]},"18":{"line":258,"type":"if","locations":[{"start":{"line":258,"column":8},"end":{"line":258,"column":8},"skip":true},{"start":{"line":258,"column":8},"end":{"line":258,"column":8},"skip":true}]},"19":{"line":275,"type":"switch","locations":[{"start":{"line":276,"column":20},"end":{"line":277,"column":64},"skip":true},{"start":{"line":278,"column":20},"end":{"line":279,"column":40},"skip":true},{"start":{"line":280,"column":20},"end":{"line":281,"column":40},"skip":true},{"start":{"line":282,"column":20},"end":{"line":283,"column":39},"skip":true}]},"20":{"line":288,"type":"if","locations":[{"start":{"line":288,"column":8},"end":{"line":288,"column":8},"skip":true},{"start":{"line":288,"column":8},"end":{"line":288,"column":8},"skip":true}]},"21":{"line":288,"type":"binary-expr","locations":[{"start":{"line":288,"column":12},"end":{"line":288,"column":40},"skip":true},{"start":{"line":288,"column":44},"end":{"line":288,"column":67},"skip":true}]},"22":{"line":292,"type":"binary-expr","locations":[{"start":{"line":292,"column":12},"end":{"line":292,"column":50},"skip":true},{"start":{"line":293,"column":12},"end":{"line":293,"column":53},"skip":true}]},"23":{"line":297,"type":"binary-expr","locations":[{"start":{"line":297,"column":12},"end":{"line":297,"column":70},"skip":true},{"start":{"line":298,"column":12},"end":{"line":301,"column":36},"skip":true}]},"24":{"line":303,"type":"binary-expr","locations":[{"start":{"line":303,"column":43},"end":{"line":303,"column":75},"skip":true},{"start":{"line":303,"column":79},"end":{"line":303,"column":81},"skip":true}]},"25":{"line":306,"type":"if","locations":[{"start":{"line":306,"column":8},"end":{"line":306,"column":8},"skip":true},{"start":{"line":306,"column":8},"end":{"line":306,"column":8},"skip":true}]},"26":{"line":310,"type":"if","locations":[{"start":{"line":310,"column":8},"end":{"line":310,"column":8},"skip":true},{"start":{"line":310,"column":8},"end":{"line":310,"column":8},"skip":true}]},"27":{"line":313,"type":"binary-expr","locations":[{"start":{"line":313,"column":27},"end":{"line":313,"column":43},"skip":true},{"start":{"line":313,"column":47},"end":{"line":313,"column":53},"skip":true}]},"28":{"line":317,"type":"if","locations":[{"start":{"line":317,"column":12},"end":{"line":317,"column":12},"skip":true},{"start":{"line":317,"column":12},"end":{"line":317,"column":12},"skip":true}]}},"code":["/*","example.js","","quickstart example","","instruction","    1. save this script as example.js","    2. run the shell command:","        $ npm install npmtest-slack-client && PORT=8081 node example.js","    3. play with the browser-demo on http://127.0.0.1:8081","*/","","","","/* istanbul instrument in package npmtest_slack_client */","/*jslint","    bitwise: true,","    browser: true,","    maxerr: 8,","    maxlen: 96,","    node: true,","    nomen: true,","    regexp: true,","    stupid: true","*/","(function () {","    'use strict';","    var local;","","","","    // run shared js-env code - pre-init","    (function () {","        // init local","        local = {};","        // init modeJs","        local.modeJs = (function () {","            try {","                return typeof navigator.userAgent === 'string' &&","                    typeof document.querySelector('body') === 'object' &&","                    typeof XMLHttpRequest.prototype.open === 'function' &&","                    'browser';","            } catch (errorCaughtBrowser) {","                return module.exports &&","                    typeof process.versions.node === 'string' &&","                    typeof require('http').createServer === 'function' &&","                    'node';","            }","        }());","        // init global","        local.global = local.modeJs === 'browser'","            ? window","            : global;","        // init utility2_rollup","        local = local.global.utility2_rollup || (local.modeJs === 'browser'","            ? local.global.utility2_npmtest_slack_client","            : global.utility2_moduleExports);","        // export local","        local.global.local = local;","    }());","    switch (local.modeJs) {","","","","    // post-init","    // run browser js-env code - post-init","    /* istanbul ignore next */","    case 'browser':","        local.testRunBrowser = function (event) {","            if (!event || (event &&","                    event.currentTarget &&","                    event.currentTarget.className &&","                    event.currentTarget.className.includes &&","                    event.currentTarget.className.includes('onreset'))) {","                // reset output","                Array.from(","                    document.querySelectorAll('body > .resettable')","                ).forEach(function (element) {","                    switch (element.tagName) {","                    case 'INPUT':","                    case 'TEXTAREA':","                        element.value = '';","                        break;","                    default:","                        element.textContent = '';","                    }","                });","            }","            switch (event && event.currentTarget && event.currentTarget.id) {","            case 'testRunButton1':","                // show tests","                if (document.querySelector('#testReportDiv1').style.display === 'none') {","                    document.querySelector('#testReportDiv1').style.display = 'block';","                    document.querySelector('#testRunButton1').textContent =","                        'hide internal test';","                    local.modeTest = true;","                    local.testRunDefault(local);","                // hide tests","                } else {","                    document.querySelector('#testReportDiv1').style.display = 'none';","                    document.querySelector('#testRunButton1').textContent = 'run internal test';","                }","                break;","            // custom-case","            default:","                break;","            }","            if (document.querySelector('#inputTextareaEval1') && (!event || (event &&","                    event.currentTarget &&","                    event.currentTarget.className &&","                    event.currentTarget.className.includes &&","                    event.currentTarget.className.includes('oneval')))) {","                // try to eval input-code","                try {","                    /*jslint evil: true*/","                    eval(document.querySelector('#inputTextareaEval1').value);","                } catch (errorCaught) {","                    console.error(errorCaught);","                }","            }","        };","        // log stderr and stdout to #outputTextareaStdout1","        ['error', 'log'].forEach(function (key) {","            console[key + '_original'] = console[key];","            console[key] = function () {","                var element;","                console[key + '_original'].apply(console, arguments);","                element = document.querySelector('#outputTextareaStdout1');","                if (!element) {","                    return;","                }","                // append text to #outputTextareaStdout1","                element.value += Array.from(arguments).map(function (arg) {","                    return typeof arg === 'string'","                        ? arg","                        : JSON.stringify(arg, null, 4);","                }).join(' ') + '\\n';","                // scroll textarea to bottom","                element.scrollTop = element.scrollHeight;","            };","        });","        // init event-handling","        ['change', 'click', 'keyup'].forEach(function (event) {","            Array.from(document.querySelectorAll('.on' + event)).forEach(function (element) {","                element.addEventListener(event, local.testRunBrowser);","            });","        });","        // run tests","        local.testRunBrowser();","        break;","","","","    // run node js-env code - post-init","    /* istanbul ignore next */","    case 'node':","        // export local","        module.exports = local;","        // require modules","        local.fs = require('fs');","        local.http = require('http');","        local.url = require('url');","        // init assets","        local.assetsDict = local.assetsDict || {};","        /* jslint-ignore-begin */","        local.assetsDict['/assets.index.template.html'] = '\\","<!doctype html>\\n\\","<html lang=\"en\">\\n\\","<head>\\n\\","<meta charset=\"UTF-8\">\\n\\","<meta name=\"viewport\" content=\"width=device-width, initial-scale=1\">\\n\\","<title>{{env.npm_package_name}} (v{{env.npm_package_version}})</title>\\n\\","<style>\\n\\","/*csslint\\n\\","    box-sizing: false,\\n\\","    universal-selector: false\\n\\","*/\\n\\","* {\\n\\","    box-sizing: border-box;\\n\\","}\\n\\","body {\\n\\","    background: #dde;\\n\\","    font-family: Arial, Helvetica, sans-serif;\\n\\","    margin: 2rem;\\n\\","}\\n\\","body > * {\\n\\","    margin-bottom: 1rem;\\n\\","}\\n\\",".utility2FooterDiv {\\n\\","    margin-top: 20px;\\n\\","    text-align: center;\\n\\","}\\n\\","</style>\\n\\","<style>\\n\\","/*csslint\\n\\","*/\\n\\","textarea {\\n\\","    font-family: monospace;\\n\\","    height: 10rem;\\n\\","    width: 100%;\\n\\","}\\n\\","textarea[readonly] {\\n\\","    background: #ddd;\\n\\","}\\n\\","</style>\\n\\","</head>\\n\\","<body>\\n\\","<!-- utility2-comment\\n\\","<div id=\"ajaxProgressDiv1\" style=\"background: #d00; height: 2px; left: 0; margin: 0; padding: 0; position: fixed; top: 0; transition: background 0.5s, width 1.5s; width: 25%;\"></div>\\n\\","utility2-comment -->\\n\\","<h1>\\n\\","<!-- utility2-comment\\n\\","    <a\\n\\","        {{#if env.npm_package_homepage}}\\n\\","        href=\"{{env.npm_package_homepage}}\"\\n\\","        {{/if env.npm_package_homepage}}\\n\\","        target=\"_blank\"\\n\\","    >\\n\\","utility2-comment -->\\n\\","        {{env.npm_package_name}} (v{{env.npm_package_version}})\\n\\","<!-- utility2-comment\\n\\","    </a>\\n\\","utility2-comment -->\\n\\","</h1>\\n\\","<h3>{{env.npm_package_description}}</h3>\\n\\","<!-- utility2-comment\\n\\","<h4><a download href=\"assets.app.js\">download standalone app</a></h4>\\n\\","<button class=\"onclick onreset\" id=\"testRunButton1\">run internal test</button><br>\\n\\","<div id=\"testReportDiv1\" style=\"display: none;\"></div>\\n\\","utility2-comment -->\\n\\","\\n\\","\\n\\","\\n\\","<label>stderr and stdout</label>\\n\\","<textarea class=\"resettable\" id=\"outputTextareaStdout1\" readonly></textarea>\\n\\","<!-- utility2-comment\\n\\","{{#if isRollup}}\\n\\","<script src=\"assets.app.js\"></script>\\n\\","{{#unless isRollup}}\\n\\","utility2-comment -->\\n\\","<script src=\"assets.utility2.rollup.js\"></script>\\n\\","<script src=\"jsonp.utility2._stateInit?callback=window.utility2._stateInit\"></script>\\n\\","<script src=\"assets.npmtest_slack_client.rollup.js\"></script>\\n\\","<script src=\"assets.example.js\"></script>\\n\\","<script src=\"assets.test.js\"></script>\\n\\","<!-- utility2-comment\\n\\","{{/if isRollup}}\\n\\","utility2-comment -->\\n\\","<div class=\"utility2FooterDiv\">\\n\\","    [ this app was created with\\n\\","    <a href=\"https://github.com/kaizhu256/node-utility2\" target=\"_blank\">utility2</a>\\n\\","    ]\\n\\","</div>\\n\\","</body>\\n\\","</html>\\n\\","';","        /* jslint-ignore-end */","        if (local.templateRender) {","            local.assetsDict['/'] = local.templateRender(","                local.assetsDict['/assets.index.template.html'],","                {","                    env: local.objectSetDefault(local.env, {","                        npm_package_description: 'the greatest app in the world!',","                        npm_package_name: 'my-app',","                        npm_package_nameAlias: 'my_app',","                        npm_package_version: '0.0.1'","                    })","                }","            );","        } else {","            local.assetsDict['/'] = local.assetsDict['/assets.index.template.html']","                .replace((/\\{\\{env\\.(\\w+?)\\}\\}/g), function (match0, match1) {","                    // jslint-hack","                    String(match0);","                    switch (match1) {","                    case 'npm_package_description':","                        return 'the greatest app in the world!';","                    case 'npm_package_name':","                        return 'my-app';","                    case 'npm_package_nameAlias':","                        return 'my_app';","                    case 'npm_package_version':","                        return '0.0.1';","                    }","                });","        }","        // run the cli","        if (local.global.utility2_rollup || module !== require.main) {","            break;","        }","        local.assetsDict['/assets.example.js'] =","            local.assetsDict['/assets.example.js'] ||","            local.fs.readFileSync(__filename, 'utf8');","        // bug-workaround - long $npm_package_buildCustomOrg","        /* jslint-ignore-begin */","        local.assetsDict['/assets.npmtest_slack_client.rollup.js'] =","            local.assetsDict['/assets.npmtest_slack_client.rollup.js'] ||","            local.fs.readFileSync(","                local.npmtest_slack_client.__dirname + '/lib.npmtest_slack_client.js',","                'utf8'","            ).replace((/^#!/), '//');","        /* jslint-ignore-end */","        local.assetsDict['/favicon.ico'] = local.assetsDict['/favicon.ico'] || '';","        // if $npm_config_timeout_exit exists,","        // then exit this process after $npm_config_timeout_exit ms","        if (Number(process.env.npm_config_timeout_exit)) {","            setTimeout(process.exit, Number(process.env.npm_config_timeout_exit));","        }","        // start server","        if (local.global.utility2_serverHttp1) {","            break;","        }","        process.env.PORT = process.env.PORT || '8081';","        console.error('server starting on port ' + process.env.PORT);","        local.http.createServer(function (request, response) {","            request.urlParsed = local.url.parse(request.url);","            if (local.assetsDict[request.urlParsed.pathname] !== undefined) {","                response.end(local.assetsDict[request.urlParsed.pathname]);","                return;","            }","            response.statusCode = 404;","            response.end();","        }).listen(process.env.PORT);","        break;","    }","}());",""],"l":{"26":2,"28":2,"33":2,"35":2,"37":2,"38":2,"39":2,"44":1,"51":2,"55":2,"59":2,"61":2,"69":1,"70":2,"76":2,"79":2,"82":2,"83":2,"85":1,"89":2,"92":1,"93":1,"94":1,"96":1,"97":1,"100":1,"101":1,"103":1,"106":1,"108":2,"114":1,"116":1,"118":1,"123":1,"124":2,"125":2,"126":3,"127":3,"128":3,"129":3,"130":1,"133":3,"134":3,"139":3,"143":1,"144":3,"145":1,"149":1,"150":1,"158":1,"160":1,"161":1,"162":1,"164":1,"166":1,"258":1,"259":1,"271":1,"274":6,"275":6,"277":1,"279":2,"281":1,"283":2,"288":1,"289":1,"291":1,"296":1,"303":1,"306":1,"307":1,"310":1,"311":1,"313":1,"314":1,"315":1,"316":1,"317":1,"318":1,"319":1,"321":1,"322":1,"324":1}},"/home/travis/build/npmtest/node-npmtest-slack-client/node_modules/slack-client/index.js":{"path":"/home/travis/build/npmtest/node-npmtest-slack-client/node_modules/slack-client/index.js","s":{"1":1,"2":1},"b":{},"f":{},"fnMap":{},"statementMap":{"1":{"start":{"line":1,"column":0},"end":{"line":1,"column":45}},"2":{"start":{"line":3,"column":0},"end":{"line":14,"column":2}}},"branchMap":{},"code":["var events = require('./lib/clients/events');","","module.exports = {","  WebClient: require('./lib/clients/web/client'),","  RtmClient: require('./lib/clients/rtm/client'),","  LegacyRtmClient: require('./lib/clients/default/legacy-rtm'),","  CLIENT_EVENTS: {","    WEB: events.CLIENT_EVENTS.WEB,","    RTM: events.CLIENT_EVENTS.RTM,","  },","  RTM_EVENTS: events.RTM_EVENTS,","  RTM_MESSAGE_SUBTYPES: events.RTM_MESSAGE_SUBTYPES,","  MemoryDataStore: require('./lib/data-store/memory-data-store'),","};",""],"l":{"1":1,"3":1}},"/home/travis/build/npmtest/node-npmtest-slack-client/node_modules/slack-client/lib/clients/events/index.js":{"path":"/home/travis/build/npmtest/node-npmtest-slack-client/node_modules/slack-client/lib/clients/events/index.js","s":{"1":1},"b":{},"f":{},"fnMap":{},"statementMap":{"1":{"start":{"line":1,"column":0},"end":{"line":8,"column":2}}},"branchMap":{},"code":["module.exports = {","  CLIENT_EVENTS: {","    WEB: require('./client').WEB,","    RTM: require('./client').RTM,","  },","  RTM_EVENTS: require('./rtm').EVENTS,","  RTM_MESSAGE_SUBTYPES: require('./rtm').MESSAGE_SUBTYPES,","};",""],"l":{"1":1}},"/home/travis/build/npmtest/node-npmtest-slack-client/node_modules/slack-client/lib/clients/events/client.js":{"path":"/home/travis/build/npmtest/node-npmtest-slack-client/node_modules/slack-client/lib/clients/events/client.js","s":{"1":1,"2":1},"b":{},"f":{},"fnMap":{},"statementMap":{"1":{"start":{"line":5,"column":0},"end":{"line":7,"column":2}},"2":{"start":{"line":9,"column":0},"end":{"line":43,"column":2}}},"branchMap":{},"code":["/**"," * API client events."," */","","module.exports.WEB = {","  RATE_LIMITED: 'rate_limited',","};","","module.exports.RTM = {","  CONNECTING: 'connecting',                     // the rtm.start API call has been made, but the","                                                // response has not come back","","  AUTHENTICATED: 'authenticated',               // rtm.start returned successfully with a websocket","                                                // URL to connect to","","  WS_OPENING: 'ws_opening',                     // the underlying websocket connection is being","                                                // opened","","  WS_OPENED: 'ws_opened',                       // the underlying websocket connection has opened","                                                // and messages can be received from the remote","","  RTM_CONNECTION_OPENED: 'open',                // the remote server has acked the socket and sent a","                                                // `hello` message, the connection is now live and","                                                // can be used to send messages","","  DISCONNECT: 'disconnect',                     // the RTM client has disconnected and will not try","                                                // to reconnect again automatically","","  UNABLE_TO_RTM_START: 'unable_to_rtm_start',   // the rtm.start API call failed in some way, this","                                                // may be recoverable","","  WS_CLOSE: 'ws_close',                         // the underlying websocket connection was closed. A","                                                // reconnect may be attempted after this","","  WS_ERROR: 'ws_error',                         // the underlying websocket connection threw an","                                                // an error","","  ATTEMPTING_RECONNECT: 'attempting_reconnect', // the client is attempting to initiate a reconnect","","  RAW_MESSAGE: 'raw_message',                   // a message was received from the RTM API. This","                                                // will also contain the raw message payload that","                                                // was sent from Slack","};",""],"l":{"5":1,"9":1}},"/home/travis/build/npmtest/node-npmtest-slack-client/node_modules/slack-client/lib/clients/events/rtm.js":{"path":"/home/travis/build/npmtest/node-npmtest-slack-client/node_modules/slack-client/lib/clients/events/rtm.js","s":{"1":1,"2":1},"b":{},"f":{},"fnMap":{},"statementMap":{"1":{"start":{"line":7,"column":0},"end":{"line":69,"column":2}},"2":{"start":{"line":71,"column":0},"end":{"line":95,"column":2}}},"branchMap":{},"code":["/**"," * Events sent by the Slack RTM API."," *"," * NOTE: This file was auto-generated and should not be edited manually."," */","","module.exports.EVENTS = {","  ACCOUNTS_CHANGED: 'accounts_changed',","  COMMANDS_CHANGED: 'commands_changed',","  EMAIL_DOMAIN_CHANGED: 'email_domain_changed',","  EMOJI_CHANGED: 'emoji_changed',","  HELLO: 'hello',","  MANUAL_PRESENCE_CHANGE: 'manual_presence_change',","  MESSAGE: 'message',","  PREF_CHANGE: 'pref_change',","  PRESENCE_CHANGE: 'presence_change',","  BOT_ADDED: 'bot_added',","  BOT_CHANGED: 'bot_changed',","  CHANNEL_ARCHIVE: 'channel_archive',","  CHANNEL_CREATED: 'channel_created',","  CHANNEL_DELETED: 'channel_deleted',","  CHANNEL_HISTORY_CHANGED: 'channel_history_changed',","  CHANNEL_JOINED: 'channel_joined',","  CHANNEL_LEFT: 'channel_left',","  CHANNEL_MARKED: 'channel_marked',","  CHANNEL_RENAME: 'channel_rename',","  CHANNEL_UNARCHIVE: 'channel_unarchive',","  FILE_CHANGE: 'file_change',","  FILE_COMMENT_ADDED: 'file_comment_added',","  FILE_COMMENT_DELETED: 'file_comment_deleted',","  FILE_COMMENT_EDITED: 'file_comment_edited',","  FILE_CREATED: 'file_created',","  FILE_DELETED: 'file_deleted',","  FILE_PRIVATE: 'file_private',","  FILE_PUBLIC: 'file_public',","  FILE_SHARED: 'file_shared',","  FILE_UNSHARED: 'file_unshared',","  GROUP_ARCHIVE: 'group_archive',","  GROUP_CLOSE: 'group_close',","  GROUP_HISTORY_CHANGED: 'group_history_changed',","  GROUP_JOINED: 'group_joined',","  GROUP_LEFT: 'group_left',","  GROUP_MARKED: 'group_marked',","  GROUP_OPEN: 'group_open',","  GROUP_RENAME: 'group_rename',","  GROUP_UNARCHIVE: 'group_unarchive',","  IM_CLOSE: 'im_close',","  IM_CREATED: 'im_created',","  IM_HISTORY_CHANGED: 'im_history_changed',","  IM_MARKED: 'im_marked',","  IM_OPEN: 'im_open',","  MPIM_CLOSE: 'mpim_close',","  MPIM_JOINED: 'mpim_joined',","  MPIM_OPEN: 'mpim_open',","  PIN_ADDED: 'pin_added',","  PIN_REMOVED: 'pin_removed',","  REACTION_ADDED: 'reaction_added',","  REACTION_REMOVED: 'reaction_removed',","  STAR_ADDED: 'star_added',","  STAR_REMOVED: 'star_removed',","  TEAM_DOMAIN_CHANGE: 'team_domain_change',","  TEAM_JOIN: 'team_join',","  TEAM_MIGRATION_STARTED: 'team_migration_started',","  TEAM_PLAN_CHANGE: 'team_plan_change',","  TEAM_PREF_CHANGE: 'team_pref_change',","  TEAM_RENAME: 'team_rename',","  USER_CHANGE: 'user_change',","  USER_TYPING: 'user_typing',","};","","module.exports.MESSAGE_SUBTYPES = {","  BOT_MESSAGE: 'bot_message',","  ME_MESSAGE: 'me_message',","  PINNED_ITEM: 'pinned_item',","  UNPINNED_ITEM: 'unpinned_item',","  CHANNEL_ARCHIVE: 'channel_archive',","  CHANNEL_JOIN: 'channel_join',","  CHANNEL_LEAVE: 'channel_leave',","  CHANNEL_NAME: 'channel_name',","  CHANNEL_PURPOSE: 'channel_purpose',","  CHANNEL_TOPIC: 'channel_topic',","  CHANNEL_UNARCHIVE: 'channel_unarchive',","  FILE_COMMENT: 'file_comment',","  FILE_MENTION: 'file_mention',","  FILE_SHARE: 'file_share',","  GROUP_ARCHIVE: 'group_archive',","  GROUP_JOIN: 'group_join',","  GROUP_LEAVE: 'group_leave',","  GROUP_NAME: 'group_name',","  GROUP_PURPOSE: 'group_purpose',","  GROUP_TOPIC: 'group_topic',","  GROUP_UNARCHIVE: 'group_unarchive',","  MESSAGE_CHANGED: 'message_changed',","  MESSAGE_DELETED: 'message_deleted',","};",""],"l":{"7":1,"71":1}},"/home/travis/build/npmtest/node-npmtest-slack-client/node_modules/slack-client/lib/clients/web/client.js":{"path":"/home/travis/build/npmtest/node-npmtest-slack-client/node_modules/slack-client/lib/clients/web/client.js","s":{"1":1,"2":1,"3":1,"4":1,"5":1,"6":1,"7":0,"8":0,"9":0,"10":1,"11":1,"12":0,"13":0,"14":0,"15":0,"16":0,"17":0,"18":0,"19":1},"b":{"1":[0,0],"2":[0,0]},"f":{"1":0,"2":0,"3":0},"fnMap":{"1":{"name":"WebAPIClient","line":22,"loc":{"start":{"line":22,"column":0},"end":{"line":22,"column":35}}},"2":{"name":"_createFacets","line":38,"loc":{"start":{"line":38,"column":39},"end":{"line":38,"column":64}}},"3":{"name":"registerWebClientFacet","line":45,"loc":{"start":{"line":45,"column":18},"end":{"line":45,"column":57}}}},"statementMap":{"1":{"start":{"line":5,"column":0},"end":{"line":5,"column":34}},"2":{"start":{"line":6,"column":0},"end":{"line":6,"column":40}},"3":{"start":{"line":7,"column":0},"end":{"line":7,"column":35}},"4":{"start":{"line":9,"column":0},"end":{"line":9,"column":41}},"5":{"start":{"line":10,"column":0},"end":{"line":10,"column":39}},"6":{"start":{"line":22,"column":0},"end":{"line":32,"column":1}},"7":{"start":{"line":23,"column":2},"end":{"line":23,"column":30}},"8":{"start":{"line":25,"column":2},"end":{"line":25,"column":46}},"9":{"start":{"line":28,"column":2},"end":{"line":31,"column":4}},"10":{"start":{"line":34,"column":0},"end":{"line":34,"column":38}},"11":{"start":{"line":38,"column":0},"end":{"line":49,"column":2}},"12":{"start":{"line":39,"column":2},"end":{"line":39,"column":15}},"13":{"start":{"line":40,"column":2},"end":{"line":40,"column":18}},"14":{"start":{"line":42,"column":2},"end":{"line":42,"column":57}},"15":{"start":{"line":44,"column":2},"end":{"line":44,"column":45}},"16":{"start":{"line":45,"column":2},"end":{"line":48,"column":11}},"17":{"start":{"line":46,"column":4},"end":{"line":46,"column":38}},"18":{"start":{"line":47,"column":4},"end":{"line":47,"column":35}},"19":{"start":{"line":52,"column":0},"end":{"line":52,"column":30}}},"branchMap":{"1":{"line":23,"type":"binary-expr","locations":[{"start":{"line":23,"column":19},"end":{"line":23,"column":23}},{"start":{"line":23,"column":27},"end":{"line":23,"column":29}}]},"2":{"line":28,"type":"binary-expr","locations":[{"start":{"line":28,"column":21},"end":{"line":28,"column":43}},{"start":{"line":28,"column":47},"end":{"line":31,"column":3}}]}},"code":["/**"," *"," */","","var bind = require('lodash').bind;","var forEach = require('lodash').forEach;","var inherits = require('inherits');","","var BaseAPIClient = require('../client');","var facets = require('./facets/index');","","","/**"," * Slack Web API client."," *"," * @param token The Slack API token to use with this client."," * @param {Object=} opts"," * @param {Object} opts.retryConfig The configuration to use for the retry operation,"," *     {@see https://github.com/SEAPUNK/node-retry}"," * @constructor"," */","function WebAPIClient(token, opts) {","  var clientOpts = opts || {};","","  BaseAPIClient.call(this, token, clientOpts);","","  // Attempts 5 retries within 5 minutes, with exponential backoff","  this.retryConfig = clientOpts.retryConfig || {","    retries: 5,","    factor: 3.9,","  };","}","","inherits(WebAPIClient, BaseAPIClient);","","","/** @inheritDocs **/","WebAPIClient.prototype._createFacets = function _createFacets() {","  var newFacet;","  var makeAPICall;","","  WebAPIClient.super_.prototype._createFacets.call(this);","","  makeAPICall = bind(this.makeAPICall, this);","  forEach(facets, function registerWebClientFacet(Facet) {","    newFacet = new Facet(makeAPICall);","    this[newFacet.name] = newFacet;","  }, this);","};","","","module.exports = WebAPIClient;",""],"l":{"5":1,"6":1,"7":1,"9":1,"10":1,"22":1,"23":0,"25":0,"28":0,"34":1,"38":1,"39":0,"40":0,"42":0,"44":0,"45":0,"46":0,"47":0,"52":1}},"/home/travis/build/npmtest/node-npmtest-slack-client/node_modules/slack-client/lib/clients/client.js":{"path":"/home/travis/build/npmtest/node-npmtest-slack-client/node_modules/slack-client/lib/clients/client.js","s":{"1":1,"2":1,"3":1,"4":1,"5":1,"6":1,"7":1,"8":1,"9":1,"10":1,"11":1,"12":0,"13":0,"14":0,"15":0,"16":0,"17":0,"18":0,"19":0,"20":1,"21":1,"22":0,"23":0,"24":1,"25":1,"26":0,"27":1,"28":0,"29":0,"30":0,"31":0,"32":0,"33":0,"34":0,"35":0,"36":0,"37":0,"38":0,"39":0,"40":0,"41":0,"42":0,"43":0,"44":0,"45":0,"46":0,"47":0,"48":0,"49":0,"50":0,"51":0,"52":0,"53":0,"54":0,"55":0,"56":0,"57":0,"58":0,"59":0,"60":0,"61":0,"62":0,"63":0,"64":1,"65":0,"66":0,"67":0,"68":1},"b":{"1":[0,0],"2":[0,0],"3":[0,0],"4":[0,0],"5":[0,0],"6":[0,0],"7":[0,0],"8":[0,0],"9":[0,0]},"f":{"1":0,"2":0,"3":0,"4":0,"5":0,"6":0,"7":0,"8":0,"9":0},"fnMap":{"1":{"name":"BaseAPIClient","line":31,"loc":{"start":{"line":31,"column":0},"end":{"line":31,"column":36}}},"2":{"name":"emit","line":71,"loc":{"start":{"line":71,"column":31},"end":{"line":71,"column":47}}},"3":{"name":"_createFacets","line":81,"loc":{"start":{"line":81,"column":40},"end":{"line":81,"column":65}}},"4":{"name":"registerDataStore","line":89,"loc":{"start":{"line":89,"column":44},"end":{"line":89,"column":82}}},"5":{"name":"_callTransport","line":103,"loc":{"start":{"line":103,"column":41},"end":{"line":103,"column":80}}},"6":{"name":"handleTransportResponse","line":111,"loc":{"start":{"line":111,"column":32},"end":{"line":111,"column":97}}},"7":{"name":"retryRateLimitedRequest","line":139,"loc":{"start":{"line":139,"column":19},"end":{"line":139,"column":54}}},"8":{"name":"attemptTransportCall","line":181,"loc":{"start":{"line":181,"column":18},"end":{"line":181,"column":50}}},"9":{"name":"makeAPICall","line":194,"loc":{"start":{"line":194,"column":38},"end":{"line":194,"column":85}}}},"statementMap":{"1":{"start":{"line":5,"column":0},"end":{"line":5,"column":44}},"2":{"start":{"line":6,"column":0},"end":{"line":6,"column":29}},"3":{"start":{"line":7,"column":0},"end":{"line":7,"column":34}},"4":{"start":{"line":8,"column":0},"end":{"line":8,"column":35}},"5":{"start":{"line":9,"column":0},"end":{"line":9,"column":29}},"6":{"start":{"line":10,"column":0},"end":{"line":10,"column":34}},"7":{"start":{"line":12,"column":0},"end":{"line":12,"column":55}},"8":{"start":{"line":13,"column":0},"end":{"line":13,"column":48}},"9":{"start":{"line":14,"column":0},"end":{"line":14,"column":35}},"10":{"start":{"line":15,"column":0},"end":{"line":15,"column":73}},"11":{"start":{"line":31,"column":0},"end":{"line":66,"column":1}},"12":{"start":{"line":32,"column":2},"end":{"line":32,"column":26}},"13":{"start":{"line":38,"column":2},"end":{"line":38,"column":22}},"14":{"start":{"line":41,"column":2},"end":{"line":41,"column":66}},"15":{"start":{"line":44,"column":2},"end":{"line":44,"column":55}},"16":{"start":{"line":47,"column":2},"end":{"line":47,"column":50}},"17":{"start":{"line":54,"column":2},"end":{"line":57,"column":4}},"18":{"start":{"line":63,"column":2},"end":{"line":63,"column":56}},"19":{"start":{"line":65,"column":2},"end":{"line":65,"column":23}},"20":{"start":{"line":68,"column":0},"end":{"line":68,"column":38}},"21":{"start":{"line":71,"column":0},"end":{"line":74,"column":2}},"22":{"start":{"line":72,"column":2},"end":{"line":72,"column":61}},"23":{"start":{"line":73,"column":2},"end":{"line":73,"column":34}},"24":{"start":{"line":81,"column":0},"end":{"line":82,"column":2}},"25":{"start":{"line":89,"column":0},"end":{"line":91,"column":2}},"26":{"start":{"line":90,"column":2},"end":{"line":90,"column":29}},"27":{"start":{"line":103,"column":0},"end":{"line":184,"column":2}},"28":{"start":{"line":105,"column":2},"end":{"line":105,"column":23}},"29":{"start":{"line":106,"column":2},"end":{"line":106,"column":19}},"30":{"start":{"line":107,"column":2},"end":{"line":107,"column":19}},"31":{"start":{"line":109,"column":2},"end":{"line":109,"column":50}},"32":{"start":{"line":111,"column":2},"end":{"line":179,"column":4}},"33":{"start":{"line":112,"column":4},"end":{"line":112,"column":19}},"34":{"start":{"line":113,"column":4},"end":{"line":113,"column":17}},"35":{"start":{"line":114,"column":4},"end":{"line":114,"column":16}},"36":{"start":{"line":115,"column":4},"end":{"line":115,"column":21}},"37":{"start":{"line":116,"column":4},"end":{"line":116,"column":21}},"38":{"start":{"line":118,"column":4},"end":{"line":124,"column":5}},"39":{"start":{"line":119,"column":6},"end":{"line":123,"column":7}},"40":{"start":{"line":120,"column":8},"end":{"line":120,"column":38}},"41":{"start":{"line":122,"column":8},"end":{"line":122,"column":15}},"42":{"start":{"line":128,"column":4},"end":{"line":174,"column":5}},"43":{"start":{"line":135,"column":6},"end":{"line":159,"column":7}},"44":{"start":{"line":136,"column":8},"end":{"line":136,"column":36}},"45":{"start":{"line":137,"column":8},"end":{"line":137,"column":58}},"46":{"start":{"line":138,"column":8},"end":{"line":138,"column":37}},"47":{"start":{"line":139,"column":8},"end":{"line":143,"column":21}},"48":{"start":{"line":141,"column":10},"end":{"line":141,"column":57}},"49":{"start":{"line":142,"column":10},"end":{"line":142,"column":39}},"50":{"start":{"line":145,"column":8},"end":{"line":145,"column":63}},"51":{"start":{"line":153,"column":8},"end":{"line":153,"column":96}},"52":{"start":{"line":154,"column":8},"end":{"line":158,"column":9}},"53":{"start":{"line":155,"column":10},"end":{"line":155,"column":28}},"54":{"start":{"line":157,"column":10},"end":{"line":157,"column":17}},"55":{"start":{"line":161,"column":6},"end":{"line":166,"column":7}},"56":{"start":{"line":162,"column":8},"end":{"line":162,"column":40}},"57":{"start":{"line":165,"column":8},"end":{"line":165,"column":71}},"58":{"start":{"line":168,"column":6},"end":{"line":173,"column":7}},"59":{"start":{"line":169,"column":8},"end":{"line":169,"column":39}},"60":{"start":{"line":172,"column":8},"end":{"line":172,"column":43}},"61":{"start":{"line":178,"column":4},"end":{"line":178,"column":14}},"62":{"start":{"line":181,"column":2},"end":{"line":183,"column":5}},"63":{"start":{"line":182,"column":4},"end":{"line":182,"column":51}},"64":{"start":{"line":194,"column":0},"end":{"line":209,"column":2}},"65":{"start":{"line":195,"column":2},"end":{"line":195,"column":72}},"66":{"start":{"line":197,"column":2},"end":{"line":203,"column":4}},"67":{"start":{"line":205,"column":2},"end":{"line":208,"column":5}},"68":{"start":{"line":212,"column":0},"end":{"line":212,"column":31}}},"branchMap":{"1":{"line":41,"type":"binary-expr","locations":[{"start":{"line":41,"column":21},"end":{"line":41,"column":37}},{"start":{"line":41,"column":41},"end":{"line":41,"column":65}}]},"2":{"line":44,"type":"binary-expr","locations":[{"start":{"line":44,"column":19},"end":{"line":44,"column":33}},{"start":{"line":44,"column":37},"end":{"line":44,"column":54}}]},"3":{"line":47,"type":"binary-expr","locations":[{"start":{"line":47,"column":19},"end":{"line":47,"column":33}},{"start":{"line":47,"column":37},"end":{"line":47,"column":49}}]},"4":{"line":63,"type":"binary-expr","locations":[{"start":{"line":63,"column":16},"end":{"line":63,"column":27}},{"start":{"line":63,"column":31},"end":{"line":63,"column":55}}]},"5":{"line":118,"type":"if","locations":[{"start":{"line":118,"column":4},"end":{"line":118,"column":4}},{"start":{"line":118,"column":4},"end":{"line":118,"column":4}}]},"6":{"line":119,"type":"if","locations":[{"start":{"line":119,"column":6},"end":{"line":119,"column":6}},{"start":{"line":119,"column":6},"end":{"line":119,"column":6}}]},"7":{"line":128,"type":"if","locations":[{"start":{"line":128,"column":4},"end":{"line":128,"column":4}},{"start":{"line":128,"column":4},"end":{"line":128,"column":4}}]},"8":{"line":135,"type":"if","locations":[{"start":{"line":135,"column":6},"end":{"line":135,"column":6}},{"start":{"line":135,"column":6},"end":{"line":135,"column":6}}]},"9":{"line":154,"type":"if","locations":[{"start":{"line":154,"column":8},"end":{"line":154,"column":8}},{"start":{"line":154,"column":8},"end":{"line":154,"column":8}}]}},"code":["/**"," *"," */","","var EventEmitter = require('eventemitter3');","var async = require('async');","var bind = require('lodash').bind;","var inherits = require('inherits');","var retry = require('retry');","var urlJoin = require('url-join');","","var WEB_CLIENT_EVENTS = require('./events/client').WEB;","var getLogger = require('../helpers').getLogger;","var helpers = require('./helpers');","var requestsTransport = require('./transports/request').requestTransport;","","","/**"," * Base client for both the RTM and web APIs."," * @param {string} token The Slack API token to use with this client."," * @param {Object} opts"," * @param {String} opts.slackAPIUrl The Slack API URL."," * @param {String} opts.userAgent The user-agent to use, defaults to node-slack."," * @param {Function} opts.transport Function to call to make an HTTP call to the Slack API."," * @param {string=} opts.logLevel The log level for the logger."," * @param {Function=} opts.logger Function to use for log calls, takes (logLevel, logString) params."," * @param {Number} opts.maxRequestConcurrency The max # of concurrent requests to make to Slack's"," *     API's, defaults to 5."," * @constructor"," */","function BaseAPIClient(token, opts) {","  EventEmitter.call(this);","","  /**","   * @type {string}","   * @private","   */","  this._token = token;","","  /** @type {string} */","  this.slackAPIUrl = opts.slackAPIUrl || 'https://slack.com/api/';","","  /** @type {Function} */","  this.transport = opts.transport || requestsTransport;","","  /** @type {string} */","  this.userAgent = opts.userAgent || 'node-slack';","","  /**","   *","   * @type {Object}","   * @private","   */","  this._requestQueue = async.priorityQueue(","    bind(this._callTransport, this),","    opts.maxRequestConcurrency","  );","","  /**","   * The logger function attached to this client.","   * @type {Function}","   */","  this.logger = opts.logger || getLogger(opts.logLevel);","","  this._createFacets();","}","","inherits(BaseAPIClient, EventEmitter);","","","BaseAPIClient.prototype.emit = function emit() {","  BaseAPIClient.super_.prototype.emit.apply(this, arguments);","  this.logger('debug', arguments);","};","","","/**"," * Initializes each of the API facets."," * @protected"," */","BaseAPIClient.prototype._createFacets = function _createFacets() {","};","","","/**"," * Attaches a data-store to the client instance."," * @param {SlackDataStore} dataStore"," */","BaseAPIClient.prototype.registerDataStore = function registerDataStore(dataStore) {","  this.dataStore = dataStore;","};","","","/**"," * Calls the supplied transport function and processes the results."," *"," * This will also manage 429 responses and retry failed operations."," *"," * @param {object} task The arguments to pass to the transport."," * @param {function} queueCb Callback to signal to the request queue that the request has completed."," * @protected"," */","BaseAPIClient.prototype._callTransport = function _callTransport(task, queueCb) {","  // TODO(leah): Add some logging to this function as it's kind of complex","  var args = task.args;","  var cb = task.cb;","  var _this = this;","","  var retryOp = retry.operation(this.retryConfig);","","  var handleTransportResponse = function handleTransportResponse(err, headers, statusCode, body) {","    var headerSecs;","    var headerMs;","    var httpErr;","    var jsonResponse;","    var jsonParseErr;","","    if (err) {","      if (!retryOp.retry(err)) {","        cb(retryOp.mainError(), null);","      } else {","        return;","      }","    }","","    // NOTE: this assumes that non-200 codes simply won't happen, as the Slack API policy is to","    //       return a 200 with an error property","    if (statusCode !== 200) {","      // There are only a couple of possible bad cases here:","      //   - 429: the application is being rate-limited. The client is designed to automatically","      //          respect this","      //   - 4xx or 5xx: something bad, but probably recoverable, has happened, so requeue the","      //          request","","      if (statusCode === 429) {","        _this._requestQueue.pause();","        headerSecs = parseInt(headers['Retry-After'], 10);","        headerMs = headerSecs * 1000;","        setTimeout(function retryRateLimitedRequest() {","          // Don't retry limit requests that were rejected due to retry-after","          _this.transport(args, handleTransportResponse);","          _this._requestQueue.resume();","        }, headerMs);","","        _this.emit(WEB_CLIENT_EVENTS.RATE_LIMITED, headerSecs);","      } else {","        // If this is reached, it means an error outside the normal error logic was received. These","        // should be very unusual as standard errors come back with a 200 code and an \"error\"","        // property.","        //","        // Given that, assume that something really weird happened and retry the request as normal.","","        httpErr = new Error('Unable to process request, received bad ' + statusCode + ' error');","        if (!retryOp.retry(httpErr)) {","          cb(httpErr, null);","        } else {","          return;","        }","      }","    } else {","      try {","        jsonResponse = JSON.parse(body);","      } catch (parseErr) {","        // TODO(leah): Emit an event here?","        jsonParseErr = new Error('unable to parse Slack API Response');","      }","","      try {","        cb(jsonParseErr, jsonResponse);","      } catch (callbackErr) {","        // Never retry requests that fail in the callback","        _this.logger('error', callbackErr);","      }","    }","","    // This is always an empty callback, even if there's an error, as it's used to signal the","    // request queue that a request has completed processing, and nothing else.","    queueCb();","  };","","  retryOp.attempt(function attemptTransportCall() {","    _this.transport(args, handleTransportResponse);","  });","};","","","/**"," * Makes a call to the Slack API."," *"," * @param {String} endpoint The API endpoint to send to."," * @param {Object=} optData The data send to the Slack API."," * @param {function} optCb The callback to run on completion."," */","BaseAPIClient.prototype.makeAPICall = function makeAPICall(endpoint, optData, optCb) {","  var apiCallArgs = helpers.getAPICallArgs(this._token, optData, optCb);","","  var args = {","    url: urlJoin(this.slackAPIUrl, endpoint),","    data: apiCallArgs.data,","    headers: {","      'User-Agent': this.userAgent,","    },","  };","","  this._requestQueue.push({","    args: args,","    cb: apiCallArgs.cb,","  });","};","","","module.exports = BaseAPIClient;",""],"l":{"5":1,"6":1,"7":1,"8":1,"9":1,"10":1,"12":1,"13":1,"14":1,"15":1,"31":1,"32":0,"38":0,"41":0,"44":0,"47":0,"54":0,"63":0,"65":0,"68":1,"71":1,"72":0,"73":0,"81":1,"89":1,"90":0,"103":1,"105":0,"106":0,"107":0,"109":0,"111":0,"112":0,"113":0,"114":0,"115":0,"116":0,"118":0,"119":0,"120":0,"122":0,"128":0,"135":0,"136":0,"137":0,"138":0,"139":0,"141":0,"142":0,"145":0,"153":0,"154":0,"155":0,"157":0,"161":0,"162":0,"165":0,"168":0,"169":0,"172":0,"178":0,"181":0,"182":0,"194":1,"195":0,"197":0,"205":0,"212":1}},"/home/travis/build/npmtest/node-npmtest-slack-client/node_modules/slack-client/lib/helpers.js":{"path":"/home/travis/build/npmtest/node-npmtest-slack-client/node_modules/slack-client/lib/helpers.js","s":{"1":1,"2":1,"3":1,"4":1,"5":0,"6":0,"7":1},"b":{"1":[0,0],"2":[0,0]},"f":{"1":0},"fnMap":{"1":{"name":"getLogger","line":16,"loc":{"start":{"line":16,"column":16},"end":{"line":16,"column":62}}}},"statementMap":{"1":{"start":{"line":5,"column":0},"end":{"line":5,"column":61}},"2":{"start":{"line":6,"column":0},"end":{"line":6,"column":34}},"3":{"start":{"line":7,"column":0},"end":{"line":7,"column":33}},"4":{"start":{"line":16,"column":0},"end":{"line":22,"column":2}},"5":{"start":{"line":17,"column":2},"end":{"line":20,"column":5}},"6":{"start":{"line":21,"column":2},"end":{"line":21,"column":34}},"7":{"start":{"line":25,"column":0},"end":{"line":25,"column":37}}},"branchMap":{"1":{"line":18,"type":"binary-expr","locations":[{"start":{"line":18,"column":11},"end":{"line":18,"column":22}},{"start":{"line":18,"column":26},"end":{"line":18,"column":32}}]},"2":{"line":19,"type":"binary-expr","locations":[{"start":{"line":19,"column":17},"end":{"line":19,"column":29}},{"start":{"line":19,"column":33},"end":{"line":19,"column":55}}]}},"code":["/**"," * Top level helpers."," */","","var ConsoleTransport = require('winston').transports.Console;","var bind = require('lodash').bind;","var winston = require('winston');","","","/**"," *"," * @param {string} optLogLevel"," * @param {Object} optTransport"," * @returns {function(this:*)|Function|*}"," */","var getLogger = function getLogger(optLogLevel, optTransport) {","  var logger = new winston.Logger({","    level: optLogLevel || 'info',","    transports: [optTransport || new ConsoleTransport()],","  });","  return bind(logger.log, logger);","};","","","module.exports.getLogger = getLogger;",""],"l":{"5":1,"6":1,"7":1,"16":1,"17":0,"21":0,"25":1}},"/home/travis/build/npmtest/node-npmtest-slack-client/node_modules/slack-client/lib/clients/helpers.js":{"path":"/home/travis/build/npmtest/node-npmtest-slack-client/node_modules/slack-client/lib/clients/helpers.js","s":{"1":1,"2":1,"3":1,"4":1,"5":1,"6":1,"7":1,"8":0,"9":0,"10":0,"11":0,"12":0,"13":0,"14":0,"15":0,"16":0,"17":0,"18":0,"19":1,"20":0,"21":0,"22":0,"23":0,"24":0,"25":0,"26":0,"27":0,"28":0,"29":0,"30":0,"31":0,"32":0,"33":0,"34":0,"35":1,"36":1},"b":{"1":[0,0],"2":[0,0],"3":[0,0],"4":[0,0],"5":[0,0,0],"6":[0,0],"7":[0,0],"8":[0,0],"9":[0,0],"10":[0,0],"11":[0,0],"12":[0,0],"13":[0,0]},"f":{"1":0,"2":0,"3":0},"fnMap":{"1":{"name":"getData","line":18,"loc":{"start":{"line":18,"column":14},"end":{"line":18,"column":44}}},"2":{"name":"getValidData","line":21,"loc":{"start":{"line":21,"col
[...]
ash').zipObject;","","var RTM_EVENTS = require('../../clients/events/rtm').EVENTS;","","var helpers = require('./helpers');","","","/** {@link https://api.slack.com/events/team_domain_change|team_domain_change} */","var handleTeamDomainChange = function handleTeamDomainChange(","  activeUserId, activeTeamId, dataStore, message) {","  var team = dataStore.getTeamById(activeTeamId);","  team.domain = message.domain;","  team.url = message.url;","  dataStore.setTeam(team);","};","","","/** {@link https://api.slack.com/events/team_rename|team_rename} */","var handleTeamRename = function handleTeamRename(activeUserId, activeTeamId, dataStore, message) {","  var team = dataStore.getTeamById(activeTeamId);","  team.name = message.name;","  dataStore.setTeam(team);","};","","","/** {@link https://api.slack.com/events/team_pref_change|team_pref_change} */","var handleTeamPrefChange = function handleTeamPrefChange(","  activeUserId, activeTeamId, dataStore, message) {","  var team = dataStore.getTeamById(activeTeamId);","  team.prefs[message.name] = message.value;","  dataStore.setTeam(team);","};","","","var handlers = [","  [RTM_EVENTS.TEAM_DOMAIN_CHANGE, handleTeamDomainChange],","  [RTM_EVENTS.TEAM_RENAME, handleTeamRename],","  [RTM_EVENTS.TEAM_PREF_CHANGE, handleTeamPrefChange],","  [RTM_EVENTS.TEAM_JOIN, helpers.handleNewOrUpdatedUser],","];","","","module.exports = zipObject(handlers);",""],"l":{"4":1,"6":1,"8":1,"12":1,"14":0,"15":0,"16":0,"17":0,"22":1,"23":0,"24":0,"25":0,"30":1,"32":0,"33":0,"34":0,"38":1,"46":1}},"/home/travis/build/npmtest/node-npmtest-slack-client/node_modules/slack-client/lib/data-store/message-handlers/user.js":{"path":"/home/travis/build/npmtest/node-npmtest-slack-client/node_modules/slack-client/lib/data-store/message-handlers/user.js","s":{"1":1,"2":1,"3":1,"4":1,"5":0,"6":0,"7":0,"8":0,"9":1,"10":0,"11":0,"12":1,"13":1},"b":{"1":[0,0],"2":[0,0]},"f":{"1":0,"2":0},"fnMap":{"1":{"name":"handleUserTyping","line":13,"loc":{"start":{"line":13,"column":23},"end":{"line":13,"column":69}}},"2":{"name":"handlePrefChange","line":26,"loc":{"start":{"line":26,"column":23},"end":{"line":26,"column":97}}}},"statementMap":{"1":{"start":{"line":5,"column":0},"end":{"line":5,"column":44}},"2":{"start":{"line":7,"column":0},"end":{"line":7,"column":60}},"3":{"start":{"line":9,"column":0},"end":{"line":9,"column":35}},"4":{"start":{"line":13,"column":0},"end":{"line":22,"column":2}},"5":{"start":{"line":14,"column":2},"end":{"line":14,"column":49}},"6":{"start":{"line":15,"column":2},"end":{"line":15,"column":58}},"7":{"start":{"line":17,"column":2},"end":{"line":21,"column":3}},"8":{"start":{"line":18,"column":4},"end":{"line":18,"column":35}},"9":{"start":{"line":26,"column":0},"end":{"line":29,"column":2}},"10":{"start":{"line":27,"column":2},"end":{"line":27,"column":49}},"11":{"start":{"line":28,"column":2},"end":{"line":28,"column":43}},"12":{"start":{"line":32,"column":0},"end":{"line":36,"column":2}},"13":{"start":{"line":39,"column":0},"end":{"line":39,"column":37}}},"branchMap":{"1":{"line":17,"type":"if","locations":[{"start":{"line":17,"column":2},"end":{"line":17,"column":2}},{"start":{"line":17,"column":2},"end":{"line":17,"column":2}}]},"2":{"line":17,"type":"binary-expr","locations":[{"start":{"line":17,"column":6},"end":{"line":17,"column":13}},{"start":{"line":17,"column":17},"end":{"line":17,"column":21}}]}},"code":["/**"," * Handlers for all RTM `user_*` events."," */","","var zipObject = require('lodash').zipObject;","","var RTM_EVENTS = require('../../clients/events/rtm').EVENTS;","","var helpers = require('./helpers');","","","/** {@link https://api.slack.com/events/user_typing|user_typing} */","var handleUserTyping = function handleUserTyping(dataStore, message) {","  var user = dataStore.getUserById(message.user);","  var channel = dataStore.getChannelById(message.channel);","","  if (channel && user) {","    channel.startedTyping(user.id);","  } else {","    // TODO(leah): Logs for when channel / user aren't found.","  }","};","","","/** {@link https://api.slack.com/events/pref_change|pref_change} */","var handlePrefChange = function handlePrefChange(activeUserId, activeTeamId, dataStore, message) {","  var user = dataStore.getUserById(activeUserId);","  user.prefs[message.name] = message.value;","};","","","var handlers = [","  [RTM_EVENTS.PREF_CHANGE, handlePrefChange],","  [RTM_EVENTS.USER_TYPING, handleUserTyping],","  [RTM_EVENTS.USER_CHANGE, helpers.handleNewOrUpdatedUser],","];","","","module.exports = zipObject(handlers);",""],"l":{"5":1,"7":1,"9":1,"13":1,"14":0,"15":0,"17":0,"18":0,"26":1,"27":0,"28":0,"32":1,"39":1}},"/home/travis/build/npmtest/node-npmtest-slack-client/node_modules/slack-client/lib/data-store/message-handlers/message.js":{"path":"/home/travis/build/npmtest/node-npmtest-slack-client/node_modules/slack-client/lib/data-store/message-handlers/message.js","s":{"1":1,"2":1,"3":1,"4":1,"5":1,"6":0,"7":0,"8":1,"9":0,"10":0,"11":0,"12":0,"13":1,"14":0,"15":0,"16":0,"17":0,"18":0,"19":1,"20":0,"21":0,"22":0,"23":0,"24":1,"25":0,"26":0,"27":0,"28":1,"29":1},"b":{"1":[0,0],"2":[0,0]},"f":{"1":0,"2":0,"3":0,"4":0,"5":0},"fnMap":{"1":{"name":"addMessageToChannel","line":12,"loc":{"start":{"line":12,"column":26},"end":{"line":12,"column":75}}},"2":{"name":"baseChannelJoin","line":22,"loc":{"start":{"line":22,"column":22},"end":{"line":22,"column":67}}},"3":{"name":"baseChannelLeave","line":37,"loc":{"start":{"line":37,"column":23},"end":{"line":37,"column":69}}},"4":{"name":"baseChannelMessageDeleted","line":50,"loc":{"start":{"line":50,"column":32},"end":{"line":50,"column":87}}},"5":{"name":"baseChannelMessageChanged","line":59,"loc":{"start":{"line":59,"column":32},"end":{"line":59,"column":87}}}},"statementMap":{"1":{"start":{"line":5,"column":0},"end":{"line":5,"column":44}},"2":{"start":{"line":6,"column":0},"end":{"line":6,"column":44}},"3":{"start":{"line":8,"column":0},"end":{"line":8,"column":76}},"4":{"start":{"line":9,"column":0},"end":{"line":9,"column":100}},"5":{"start":{"line":12,"column":0},"end":{"line":15,"column":2}},"6":{"start":{"line":13,"column":2},"end":{"line":13,"column":71}},"7":{"start":{"line":14,"column":2},"end":{"line":14,"column":34}},"8":{"start":{"line":22,"column":0},"end":{"line":30,"column":2}},"9":{"start":{"line":23,"column":2},"end":{"line":23,"column":71}},"10":{"start":{"line":25,"column":2},"end":{"line":27,"column":3}},"11":{"start":{"line":26,"column":4},"end":{"line":26,"column":43}},"12":{"start":{"line":29,"column":2},"end":{"line":29,"column":34}},"13":{"start":{"line":37,"column":0},"end":{"line":46,"column":2}},"14":{"start":{"line":38,"column":2},"end":{"line":38,"column":71}},"15":{"start":{"line":40,"column":2},"end":{"line":40,"column":62}},"16":{"start":{"line":41,"column":2},"end":{"line":43,"column":3}},"17":{"start":{"line":42,"column":4},"end":{"line":42,"column":47}},"18":{"start":{"line":45,"column":2},"end":{"line":45,"column":34}},"19":{"start":{"line":50,"column":0},"end":{"line":55,"column":2}},"20":{"start":{"line":51,"column":2},"end":{"line":51,"column":71}},"21":{"start":{"line":52,"column":2},"end":{"line":52,"column":74}},"22":{"start":{"line":53,"column":2},"end":{"line":53,"column":42}},"23":{"start":{"line":54,"column":2},"end":{"line":54,"column":34}},"24":{"start":{"line":59,"column":0},"end":{"line":63,"column":2}},"25":{"start":{"line":60,"column":2},"end":{"line":60,"column":71}},"26":{"start":{"line":61,"column":2},"end":{"line":61,"column":37}},"27":{"start":{"line":62,"column":2},"end":{"line":62,"column":34}},"28":{"start":{"line":66,"column":0},"end":{"line":75,"column":2}},"29":{"start":{"line":78,"column":0},"end":{"line":78,"column":37}}},"branchMap":{"1":{"line":25,"type":"if","locations":[{"start":{"line":25,"column":2},"end":{"line":25,"column":2}},{"start":{"line":25,"column":2},"end":{"line":25,"column":2}}]},"2":{"line":41,"type":"if","locations":[{"start":{"line":41,"column":2},"end":{"line":41,"column":2}},{"start":{"line":41,"column":2},"end":{"line":41,"column":2}}]}},"code":["/**"," * Handlers for all `message` event subtypes."," */","","var findIndex = require('lodash').findIndex;","var zipObject = require('lodash').zipObject;","","var MESSAGE_SUBTYPES = require('../../clients/events/rtm').MESSAGE_SUBTYPES;","var makeMessageEventWithSubtype = require('../../clients/events/utils').makeMessageEventWithSubtype;","","","var addMessageToChannel = function addMessageToChannel(dataStore, message) {","  var baseChannel = dataStore.getChannelGroupOrDMById(message.channel);","  baseChannel.addMessage(message);","};","","","/**"," * {@link https://api.slack.com/events/message/channel_join|channel_join}"," * {@link https://api.slack.com/events/message/group_join|group_join}"," */","var baseChannelJoin = function baseChannelJoin(dataStore, message) {","  var baseChannel = dataStore.getChannelGroupOrDMById(message.channel);","","  if (baseChannel.members.indexOf(message.user) === -1) {","    baseChannel.members.push(message.user);","  }","","  baseChannel.addMessage(message);","};","","","/**"," * {@link https://api.slack.com/events/message/channel_join|channel_join}"," * {@link https://api.slack.com/events/message/group_join|group_join}"," */","var baseChannelLeave = function baseChannelLeave(dataStore, message) {","  var baseChannel = dataStore.getChannelGroupOrDMById(message.channel);","","  var memberIndex = baseChannel.members.indexOf(message.user);","  if (memberIndex !== -1) {","    baseChannel.members.splice(memberIndex, 1);","  }","","  baseChannel.addMessage(message);","};","","","/** {@link https://api.slack.com/events/message/message_deleted|message_deleted} */","var baseChannelMessageDeleted = function baseChannelMessageDeleted(dataStore, message) {","  var baseChannel = dataStore.getChannelGroupOrDMById(message.channel);","  var msgIndex = findIndex(baseChannel.history, 'ts', message.deleted_ts);","  baseChannel.history.splice(msgIndex, 1);","  baseChannel.addMessage(message);","};","","","/** {@link https://api.slack.com/events/message/message_changed|message_changed} */","var baseChannelMessageChanged = function baseChannelMessageChanged(dataStore, message) {","  var baseChannel = dataStore.getChannelGroupOrDMById(message.channel);","  baseChannel.updateMessage(message);","  baseChannel.addMessage(message);","};","","","var handlers = [","  [makeMessageEventWithSubtype(MESSAGE_SUBTYPES.MESSAGE_DELETED), baseChannelMessageDeleted],","  [makeMessageEventWithSubtype(MESSAGE_SUBTYPES.MESSAGE_CHANGED), baseChannelMessageChanged],","  [makeMessageEventWithSubtype(MESSAGE_SUBTYPES.CHANNEL_JOIN), baseChannelJoin],","  [makeMessageEventWithSubtype(MESSAGE_SUBTYPES.CHANNEL_LEAVE), baseChannelLeave],","  [makeMessageEventWithSubtype(MESSAGE_SUBTYPES.GROUP_JOIN), baseChannelJoin],","  [makeMessageEventWithSubtype(MESSAGE_SUBTYPES.GROUP_LEAVE), baseChannelLeave],","  // Add in a default handler for all other message subtypes","  [makeMessageEventWithSubtype('rtm_client_add_message'), addMessageToChannel],","];","","","module.exports = zipObject(handlers);",""],"l":{"5":1,"6":1,"8":1,"9":1,"12":1,"13":0,"14":0,"22":1,"23":0,"25":0,"26":0,"29":0,"37":1,"38":0,"40":0,"41":0,"42":0,"45":0,"50":1,"51":0,"52":0,"53":0,"54":0,"59":1,"60":0,"61":0,"62":0,"66":1,"78":1}},"/home/travis/build/npmtest/node-npmtest-slack-client/node_modules/slack-client/lib/data-store/message-handlers/reactions.js":{"path":"/home/travis/build/npmtest/node-npmtest-slack-client/node_modules/slack-client/lib/data-store/message-handlers/reactions.js","s":{"1":1,"2":1,"3":1,"4":1,"5":1,"6":0,"7":0,"8":0,"9":0,"10":0,"11":0,"12":0,"13":0,"14":0,"15":0,"16":0,"17":0,"18":0,"19":0,"20":0,"21":0,"22":0,"23":0,"24":0,"25":0,"26":1,"27":1,"28":1,"29":0,"30":0,"31":0,"32":0,"33":0,"34":0,"35":0,"36":1,"37":1},"b":{"1":[0,0],"2":[0,0],"3":[0,0],"4":[0,0],"5":[0,0],"6":[0,0],"7":[0,0],"8":[0,0],"9":[0,0],"10":[0,0]},"f":{"1":0,"2":0,"3":0,"4":0},"fnMap":{"1":{"name":"toggleReactionForMessage","line":18,"loc":{"start":{"line":18,"column":31},"end":{"line":18,"column":94}}},"2":{"name":"toggleReactionForFile","line":66,"loc":{"start":{"line":66,"column":28},"end":{"line":66,"column":61}}},"3":{"name":"toggleReactionForFileComment","line":71,"loc":{"start":{"line":71,"column":35},"end":{"line":71,"column":75}}},"4":{"name":"toggleReaction","line":76,"loc":{"start":{"line":76,"column":21},"end":{"line":76,"column":74}}}},"statementMap":{"1":{"start":{"line":5,"column":0},"end":{"line":5,"column":44}},"2":{"start":{"line":6,"column":0},"end":{"line":6,"column":40}},"3":{"start":{"line":7,"column":0},"end":{"line":7,"column":44}},"4":{"start":{"line":9,"column":0},"end":{"line":9,"column":60}},"5":{"start":{"line":18,"column":0},"end":{"line":63,"column":2}},"6":{"start":{"line":19,"column":2},"end":{"line":19,"column":15}},"7":{"start":{"line":20,"column":2},"end":{"line":20,"column":20}},"8":{"start":{"line":21,"column":2},"end":{"line":21,"column":16}},"9":{"start":{"line":22,"column":2},"end":{"line":22,"column":26}},"10":{"start":{"line":24,"column":2},"end":{"line":24,"column":64}},"11":{"start":{"line":25,"column":2},"end":{"line":25,"column":47}},"12":{"start":{"line":28,"column":2},"end":{"line":28,"column":44}},"13":{"start":{"line":32,"column":2},"end":{"line":62,"column":3}},"14":{"start":{"line":33,"column":4},"end":{"line":33,"column":76}},"15":{"start":{"line":34,"column":4},"end":{"line":34,"column":47}},"16":{"start":{"line":36,"column":4},"end":{"line":61,"column":5}},"17":{"start":{"line":37,"column":6},"end":{"line":37,"column":72}},"18":{"start":{"line":39,"column":6},"end":{"line":54,"column":7}},"19":{"start":{"line":44,"column":8},"end":{"line":44,"column":42}},"20":{"start":{"line":46,"column":8},"end":{"line":53,"column":9}},"21":{"start":{"line":47,"column":10},"end":{"line":47,"column":52}},"22":{"start":{"line":49,"column":10},"end":{"line":49,"column":59}},"23":{"start":{"line":50,"column":10},"end":{"line":52,"column":11}},"24":{"start":{"line":51,"column":12},"end":{"line":51,"column":48}},"25":{"start":{"line":56,"column":6},"end":{"line":60,"column":9}},"26":{"start":{"line":66,"column":0},"end":{"line":68,"column":2}},"27":{"start":{"line":71,"column":0},"end":{"line":73,"column":2}},"28":{"start":{"line":76,"column":0},"end":{"line":86,"column":2}},"29":{"start":{"line":77,"column":2},"end":{"line":77,"column":35}},"30":{"start":{"line":79,"column":2},"end":{"line":85,"column":3}},"31":{"start":{"line":80,"column":4},"end":{"line":80,"column":55}},"32":{"start":{"line":81,"column":9},"end":{"line":85,"column":3}},"33":{"start":{"line":82,"column":4},"end":{"line":82,"column":62}},"34":{"start":{"line":83,"column":9},"end":{"line":85,"column":3}},"35":{"start":{"line":84,"column":4},"end":{"line":84,"column":58}},"36":{"start":{"line":89,"column":0},"end":{"line":92,"column":2}},"37":{"start":{"line":95,"column":0},"end":{"line":95,"column":37}}},"branchMap":{"1":{"line":28,"type":"binary-expr","locations":[{"start":{"line":28,"column":21},"end":{"line":28,"column":37}},{"start":{"line":28,"column":41},"end":{"line":28,"column":43}}]},"2":{"line":32,"type":"if","locations":[{"start":{"line":32,"column":2},"end":{"line":32,"column":2}},{"start":{"line":32,"column":2},"end":{"line":32,"column":2}}]},"3":{"line":36,"type":"if","locations":[{"start":{"line":36,"column":4},"end":{"line":36,"column":4}},{"start":{"line":36,"column":4},"end":{"line":36,"column":4}}]},"4":{"line":37,"type":"cond-expr","locations":[{"start":{"line":37,"column":60},"end":{"line":37,"column":61}},{"start":{"line":37,"column":64},"end":{"line":37,"column":66}}]},"5":{"line":39,"type":"if","locations":[{"start":{"line":39,"column":6},"end":{"line":39,"column":6}},{"start":{"line":39,"column":6},"end":{"line":39,"column":6}}]},"6":{"line":46,"type":"if","locations":[{"start":{"line":46,"column":8},"end":{"line":46,"column":8}},{"start":{"line":46,"column":8},"end":{"line":46,"column":8}}]},"7":{"line":50,"type":"if","locations":[{"start":{"line":50,"column":10},"end":{"line":50,"column":10}},{"start":{"line":50,"column":10},"end":{"line":50,"column":10}}]},"8":{"line":79,"type":"if","locations":[{"start":{"line":79,"column":2},"end":{"line":79,"column":2}},{"start":{"line":79,"column":2},"end":{"line":79,"column":2}}]},"9":{"line":81,"type":"if","locations":[{"start":{"line":81,"column":9},"end":{"line":81,"column":9}},{"start":{"line":81,"column":9},"end":{"line":81,"column":9}}]},"10":{"line":83,"type":"if","locations":[{"start":{"line":83,"column":9},"end":{"line":83,"column":9}},{"start":{"line":83,"column":9},"end":{"line":83,"column":9}}]}},"code":["/**"," * Handlers for all RTM `reaction_xxx` events."," */","","var findIndex = require('lodash').findIndex;","var partial = require('lodash').partial;","var zipObject = require('lodash').zipObject;","","var RTM_EVENTS = require('../../clients/events/rtm').EVENTS;","","","/**"," *"," * @param {Object} dataStore"," * @param {Object} message"," * @param {boolean} isAdded"," */","var toggleReactionForMessage = function toggleReactionForMessage(dataStore, message, isAdded) {","  var reaction;","  var reactionIndex;","  var userIndex;","  var item = message.item;","","  var channel = dataStore.getChannelGroupOrDMById(item.channel);","  var msgObj = channel.getMessageByTs(item.ts);","","  // Ensure a reactions array is available on the message object","  msgObj.reactions = msgObj.reactions || [];","","  // If there's a message in the local cache, update it, otherwise do nothing as the message","  // with reaction will get populated when it's next needed from history.","  if (message) {","    reactionIndex = findIndex(msgObj.reactions, { name: message.reaction });","    reaction = msgObj.reactions[reactionIndex];","","    if (reaction) {","      reaction.count = Math.max(reaction.count + (isAdded ? 1 : -1), 0);","","      if (isAdded) {","        // NOTE: This will not necessarily be consistent with the users array if the","        //       message is pulled from the server. This is because the server only stores","        //       X users per reaction, whereas the client will store as many as it's","        //       notified about.","        reaction.users.push(message.user);","      } else {","        if (reaction.count === 0) {","          msgObj.reactions.splice(reactionIndex, 1);","        } else {","          userIndex = reaction.users.indexOf(message.user);","          if (userIndex > -1) {","            reaction.users.splice(userIndex, 1);","          }","        }","      }","    } else {","      msgObj.reactions.push({","        name: message.reaction,","        users: [message.user],","        count: 1,","      });","    }","  }","};","","","var toggleReactionForFile = function toggleReactionForFile() {","  // TODO(leah): Update this once files are supported in the data-store implementation","};","","","var toggleReactionForFileComment = function toggleReactionForFileComment() {","  // TODO(leah): Update this once files are supported in the data-store implementation","};","","","var toggleReaction = function toggleReaction(isAdded, dataStore, message) {","  var itemType = message.item.type;","","  if (itemType === 'file') {","    toggleReactionForFile(dataStore, message, isAdded);","  } else if (itemType === 'file_comment') {","    toggleReactionForFileComment(dataStore, message, isAdded);","  } else if (itemType === 'message') {","    toggleReactionForMessage(dataStore, message, isAdded);","  }","};","","","var handlers = [","  [RTM_EVENTS.REACTION_ADDED, partial(toggleReaction, true)],","  [RTM_EVENTS.REACTION_REMOVED, partial(toggleReaction, false)],","];","","","module.exports = zipObject(handlers);",""],"l":{"5":1,"6":1,"7":1,"9":1,"18":1,"19":0,"20":0,"21":0,"22":0,"24":0,"25":0,"28":0,"32":0,"33":0,"34":0,"36":0,"37":0,"39":0,"44":0,"46":0,"47":0,"49":0,"50":0,"51":0,"56":0,"66":1,"71":1,"76":1,"77":0,"79":0,"80":0,"81":0,"82":0,"83":0,"84":0,"89":1,"95":1}}}